(seed, dimension) = (1, 30)
Away FW: false


Boscia Algorithm.

Parameter settings.
	 Tree traversal strategy: Move best bound
	 Branching strategy: Most infeasible
	 Absolute dual gap tolerance: 1.000000e-06
	 Relative dual gap tolerance: 1.000000e-02
	 Frank-Wolfe subproblem tolerance: 1.000000e-02
	 Frank-Wolfe dual gap decay factor: 8.000000e-01
	 Additional kwargs: 
Away FW: false
	 Total number of variables: 300
	 Number of integer variables: 0
	 Number of binary variables: 150


-----------------------------------------------------------------------------------------------------------------------------------------------------------------------------
   Iter  Open          Bound      Incumbent      Gap (abs)      Gap (rel)       Time (s)      Nodes/sec      FW (ms)   LMO (ms)  LMO (calls c)   FW (its) #activeset  #shadow
-----------------------------------------------------------------------------------------------------------------------------------------------------------------------------
*     1     2   3.219937e+00   3.680463e+00   4.605264e-01   1.430234e-01   1.377000e+00   2.178649e+00          778        256             43        307        8        1
*    33    34   3.360753e+00   3.666072e+00   3.053196e-01   9.084857e-02   1.809600e+01   3.702476e+00          451        163           1059        175        8        1
*    39    40   3.369121e+00   3.635730e+00   2.666085e-01   7.913295e-02   2.140900e+01   3.690037e+00          560        199           1272        227       11        2
    100   101   3.419994e+00   3.635730e+00   2.157361e-01   6.308084e-02   5.289500e+01   3.799981e+00          548        149           3258        264        8        3
    200   201   3.456452e+00   3.635730e+00   1.792776e-01   5.186753e-02   1.030600e+02   3.890937e+00          353        104           6417        158       11        1
*   223   224   3.462394e+00   3.622367e+00   1.599737e-01   4.620322e-02   1.148560e+02   3.891830e+00          934        164           7150        524        9        3
*   285   286   3.474390e+00   3.617797e+00   1.434074e-01   4.127557e-02   1.467430e+02   3.891157e+00          842        118           9113        521        8        3
    300   301   3.477012e+00   3.617797e+00   1.407851e-01   4.049026e-02   1.545420e+02   3.888910e+00          335        112           9609        147       13        3
    400   401   3.494736e+00   3.617797e+00   1.230610e-01   3.521325e-02   2.065560e+02   3.877883e+00          318        116          12725        126        6        3
    500   501   3.506427e+00   3.617797e+00   1.113697e-01   3.176160e-02   2.586420e+02   3.870214e+00          420        109          15833        203       13        5
    600   601   3.516154e+00   3.617797e+00   1.016434e-01   2.890754e-02   3.114260e+02   3.856454e+00          513        116          18810        269       11        4
    700   693   3.524406e+00   3.617797e+00   9.339126e-02   2.649844e-02   3.645700e+02   3.820940e+00          264         82          21873        107        9        4
    800   771   3.532489e+00   3.617797e+00   8.530837e-02   2.414965e-02   4.181560e+02   3.756971e+00          300        104          24848        127       11        2
    900   825   3.538471e+00   3.617797e+00   7.932626e-02   2.241823e-02   4.706310e+02   3.665292e+00          220         58          27730         96        7        2
   1000   865   3.544772e+00   3.617797e+00   7.302490e-02   2.060073e-02   5.198530e+02   3.587553e+00          477        122          30550        249        9        5
   1100   905   3.549087e+00   3.617797e+00   6.871052e-02   1.936006e-02   5.683910e+02   3.527501e+00          538        159          33373        234       13        3
   1200   923   3.553317e+00   3.617797e+00   6.448027e-02   1.814650e-02   6.117440e+02   3.470406e+00          522        158          35972        246       16        3
   1300   937   3.557658e+00   3.617797e+00   6.013894e-02   1.690408e-02   6.547760e+02   3.416436e+00          213         55          38555         92        5        3
   1400   945   3.561408e+00   3.617797e+00   5.638932e-02   1.583344e-02   6.943380e+02   3.377318e+00          219         66          40949         88        9        5
   1500   947   3.565861e+00   3.617797e+00   5.193647e-02   1.456492e-02   7.296060e+02   3.353865e+00           67         19          43192         33        3        3
   1600   947   3.569387e+00   3.617797e+00   4.841001e-02   1.356256e-02   7.646880e+02   3.330770e+00          529        154          45312        230        7        2
   1700   951   3.572086e+00   3.617797e+00   4.571138e-02   1.279683e-02   7.990750e+02   3.317586e+00          156         55          47498         66        5        5
   1800   951   3.575335e+00   3.617797e+00   4.246272e-02   1.187657e-02   8.340790e+02   3.298249e+00          169         46          49671         84        6        3
   1900   951   3.577707e+00   3.617797e+00   4.009012e-02   1.120553e-02   8.639530e+02   3.299948e+00          310        102          51548        140       11        5
   2000   951   3.580373e+00   3.617797e+00   3.742447e-02   1.045267e-02   8.951720e+02   3.296573e+00           95         16          53540         60        7        4
   2059   950   3.581981e+00   3.617797e+00   3.581595e-02   9.998922e-03   9.139440e+02   3.292324e+00          423         90          54752        240        8        2
-----------------------------------------------------------------------------------------------------------------------------------------------------------------------------

Postprocessing

Blended Pairwise Conditional Gradient Algorithm.
MEMORY_MODE: FrankWolfe.InplaceEmphasis() STEPSIZE: Adaptive EPSILON: 1.0e-7 MAXITERATION: 10000 TYPE: Float64
GRADIENTTYPE: Nothing LAZY: true lazy_tolerance: 2.0

----------------------------------------------------------------------------------------------------------------
  Type     Iteration         Primal           Dual       Dual Gap           Time         It/sec     #ActiveSet
----------------------------------------------------------------------------------------------------------------
     I             1   3.217097e+01  -2.322638e+01   5.539734e+01   0.000000e+00            Inf              1
    LD             4   7.964431e+00  -9.339975e-02   8.057831e+00   6.928648e-01   5.773132e+00              2
    LD             9   3.673470e+00   3.602680e+00   7.078947e-02   7.574651e-01   1.188174e+01              2
    LD            11   3.617797e+00   3.617797e+00  -2.220446e-16   7.631078e-01   1.441474e+01              1
  Last            11   3.617797e+00   3.617797e+00   0.000000e+00   7.713253e-01   1.426117e+01              1
----------------------------------------------------------------------------------------------------------------
    PP            11   3.617797e+00   3.617797e+00   0.000000e+00   7.755149e-01   1.418412e+01              1
----------------------------------------------------------------------------------------------------------------

Solution Statistics.
	 Solution Status: Optimal (tolerance reached)
	 Primal Objective: 3.6177972196873176
	 Dual Bound: 3.5819812695083604
	 Dual Gap (relative): 0.009998921681651644

Search Statistics.
	 Total number of nodes processed: 3009
	 Total number of lmo calls: 54759
	 Total time (s): 914.739
	 LMO calls / sec: 59.86297730828138
	 Nodes / sec: 3.2894628959736054
	 LMO calls / node: 18.19840478564307


(seed, dimension) = (2, 30)
Away FW: false


Boscia Algorithm.

Parameter settings.
	 Tree traversal strategy: Move best bound
	 Branching strategy: Most infeasible
	 Absolute dual gap tolerance: 1.000000e-06
	 Relative dual gap tolerance: 1.000000e-02
	 Frank-Wolfe subproblem tolerance: 1.000000e-02
	 Frank-Wolfe dual gap decay factor: 8.000000e-01
	 Additional kwargs: 
Away FW: false
	 Total number of variables: 300
	 Number of integer variables: 0
	 Number of binary variables: 150


-----------------------------------------------------------------------------------------------------------------------------------------------------------------------------
   Iter  Open          Bound      Incumbent      Gap (abs)      Gap (rel)       Time (s)      Nodes/sec      FW (ms)   LMO (ms)  LMO (calls c)   FW (its) #activeset  #shadow
-----------------------------------------------------------------------------------------------------------------------------------------------------------------------------
*     1     2   3.574775e+00   4.220716e+00   6.459410e-01   1.806942e-01   6.800000e-01   4.411765e+00          676        235             40        272        8        1
*    55    56   3.771939e+00   4.177943e+00   4.060039e-01   1.076380e-01   3.353100e+01   3.310370e+00          593        184           1921        282        9        1
    100   101   3.808965e+00   4.177943e+00   3.689779e-01   9.687090e-02   6.322200e+01   3.179273e+00          687        196           3522        324       20        8
    200   201   3.857724e+00   4.177943e+00   3.202193e-01   8.300732e-02   1.261020e+02   3.179965e+00          706        164           7126        365       16        4
*   249   250   3.874437e+00   4.115567e+00   2.411295e-01   6.223600e-02   1.565600e+02   3.187276e+00          492        113           8829        247        7        3
    300   301   3.882489e+00   4.115567e+00   2.330778e-01   6.003308e-02   1.868520e+02   3.216449e+00          515        136          10565        239       13        2
    400   401   3.903124e+00   4.115567e+00   2.124429e-01   5.442895e-02   2.431780e+02   3.293883e+00          264         82          13826        120       10        3
    500   501   3.917380e+00   4.115567e+00   1.981869e-01   5.059171e-02   3.023910e+02   3.310284e+00          351        104          17140        141       10        2
    600   601   3.928567e+00   4.115567e+00   1.869995e-01   4.759993e-02   3.602660e+02   3.333648e+00          436        124          20431        186       10        6
    700   701   3.939066e+00   4.115567e+00   1.765004e-01   4.480767e-02   4.169140e+02   3.360405e+00          236         74          23656        107        6        2
    800   801   3.947976e+00   4.115567e+00   1.675905e-01   4.244974e-02   4.721890e+02   3.390591e+00          682        188          26817        313        9        4
    900   899   3.955508e+00   4.115567e+00   1.600592e-01   4.046490e-02   5.315280e+02   3.384582e+00          396        125          30119        149       12        4
   1000   993   3.963652e+00   4.115567e+00   1.519147e-01   3.832695e-02   5.870560e+02   3.394906e+00          270         81          33287        127        5        2
   1100  1083   3.970225e+00   4.115567e+00   1.453413e-01   3.660782e-02   6.449050e+02   3.384995e+00          344         89          36476        175        9        1
   1200  1165   3.974926e+00   4.115567e+00   1.406412e-01   3.538208e-02   6.997350e+02   3.379851e+00          359        116          39527        154        6        1
   1300  1235   3.981304e+00   4.115567e+00   1.342631e-01   3.372340e-02   7.540190e+02   3.361984e+00          377        106          42556        178        9        2
   1400  1291   3.985959e+00   4.115567e+00   1.296079e-01   3.251613e-02   8.094160e+02   3.324619e+00          414        125          45574        187        8        5
   1500  1337   3.990684e+00   4.115567e+00   1.248827e-01   3.129357e-02   8.606140e+02   3.296484e+00          543        150          48546        256       14        3
   1600  1381   3.994759e+00   4.115567e+00   1.208078e-01   3.024158e-02   9.104620e+02   3.274162e+00          370        105          51466        176       15        5
   1700  1421   3.999033e+00   4.115567e+00   1.165337e-01   2.914046e-02   9.604750e+02   3.249434e+00          320        108          54347        136        8        2
   1800  1441   4.003284e+00   4.115567e+00   1.122823e-01   2.804755e-02   1.005848e+03   3.222157e+00          265         79          57097        126        9        2
   1900  1451   4.006727e+00   4.115567e+00   1.088401e-01   2.716434e-02   1.051628e+03   3.186488e+00          617        154          59683        309       11        1
   2000  1459   4.010946e+00   4.115567e+00   1.046203e-01   2.608369e-02   1.098187e+03   3.149737e+00          311         94          62306        138        6        0
   2100  1467   4.013656e+00   4.115567e+00   1.019110e-01   2.539106e-02   1.142598e+03   3.121833e+00          210         64          64880         90        7        3
   2200  1473   4.016377e+00   4.115567e+00   9.918951e-02   2.469626e-02   1.186599e+03   3.095401e+00          100         33          67365         44        1        3
   2300  1481   4.020053e+00   4.115567e+00   9.551412e-02   2.375942e-02   1.230644e+03   3.072375e+00          384        130          69789        165       11        4
   2400  1483   4.022349e+00   4.115567e+00   9.321776e-02   2.317496e-02   1.270566e+03   3.056118e+00          514        129          72081        252       11        2
   2500  1485   4.025714e+00   4.115567e+00   8.985246e-02   2.231963e-02   1.311445e+03   3.038633e+00          335        105          74408        154        9        5
   2600  1489   4.028406e+00   4.115567e+00   8.716095e-02   2.163659e-02   1.351700e+03   3.025080e+00          317         92          76662        145        8        4
   2700  1489   4.030130e+00   4.115567e+00   8.543628e-02   2.119938e-02   1.390292e+03   3.013036e+00          404        113          78861        192       10        0
   2800  1489   4.033140e+00   4.115567e+00   8.242627e-02   2.043724e-02   1.426267e+03   3.007151e+00          310         90          80985        143        7        5
   2900  1489   4.035617e+00   4.115567e+00   7.994962e-02   1.981100e-02   1.465332e+03   2.995226e+00          298         79          83190        145        7        2
   3000  1491   4.037838e+00   4.115567e+00   7.772909e-02   1.925018e-02   1.503709e+03   2.986615e+00          403        111          85380        193        9        4
   3100  1491   4.040265e+00   4.115567e+00   7.530200e-02   1.863789e-02   1.539279e+03   2.982565e+00          337         98          87538        155        5        3
   3200  1491   4.042458e+00   4.115567e+00   7.310880e-02   1.808524e-02   1.575460e+03   2.977543e+00          334        106          89715        141        6        2
   3300  1491   4.044182e+00   4.115567e+00   7.138448e-02   1.765115e-02   1.610481e+03   2.974888e+00          281         93          91846        115        7        4
   3400  1491   4.046240e+00   4.115567e+00   6.932633e-02   1.713352e-02   1.645179e+03   2.972929e+00          261         83          93943        118        7        1
   3500  1491   4.048060e+00   4.115567e+00   6.750633e-02   1.667621e-02   1.683524e+03   2.964615e+00          233         75          96090        104        7        2
   3600  1491   4.049678e+00   4.115567e+00   6.588846e-02   1.627005e-02   1.716244e+03   2.966361e+00          205         69          98012         89        7        3
   3700  1489   4.051837e+00   4.115567e+00   6.373003e-02   1.572868e-02   1.749164e+03   2.966560e+00          181         56          99958         75        7        2
   3800  1489   4.053610e+00   4.115567e+00   6.195704e-02   1.528441e-02   1.783620e+03   2.965318e+00          358        115         101959        159        7        4
   3849  1488   4.054589e+00   4.115567e+00   6.097817e-02   1.503930e-02   1.800103e+03   2.964830e+00          432         59         102891        275       11        2
-----------------------------------------------------------------------------------------------------------------------------------------------------------------------------

Postprocessing

Blended Pairwise Conditional Gradient Algorithm.
MEMORY_MODE: FrankWolfe.InplaceEmphasis() STEPSIZE: Adaptive EPSILON: 1.0e-7 MAXITERATION: 10000 TYPE: Float64
GRADIENTTYPE: Nothing LAZY: true lazy_tolerance: 2.0

----------------------------------------------------------------------------------------------------------------
  Type     Iteration         Primal           Dual       Dual Gap           Time         It/sec     #ActiveSet
----------------------------------------------------------------------------------------------------------------
     I             1   2.611131e+01  -1.445758e+01   4.056888e+01   0.000000e+00            Inf              1
    LD             4   7.615111e+00   1.819429e+00   5.795683e+00   1.576519e-02   2.537236e+02              2
    LD             9   4.115567e+00   4.115567e+00   0.000000e+00   2.123902e-02   4.237484e+02              1
  Last             9   4.115567e+00   4.115567e+00   0.000000e+00   2.932167e-02   3.069402e+02              1
----------------------------------------------------------------------------------------------------------------
    PP             9   4.115567e+00   4.115567e+00   0.000000e+00   3.340826e-02   2.693944e+02              1
----------------------------------------------------------------------------------------------------------------

Solution Statistics.
	 Solution Status: Time limit reached
	 Primal Objective: 4.115566751961235
	 Dual Bound: 4.054588581997546
	 Dual Gap (relative): 0.015039298989405033

Search Statistics.
	 Total number of nodes processed: 5337
	 Total number of lmo calls: 102897
	 Total time (s): 1800.147
	 LMO calls / sec: 57.16033190622766
	 Nodes / sec: 2.9647578781066213
	 LMO calls / node: 19.27993254637437


(seed, dimension) = (1, 30)
Away FW: false


Boscia Algorithm.

Parameter settings.
	 Tree traversal strategy: Move best bound
	 Branching strategy: Most infeasible
	 Absolute dual gap tolerance: 1.000000e-06
	 Relative dual gap tolerance: 1.000000e-02
	 Frank-Wolfe subproblem tolerance: 1.000000e-02
	 Frank-Wolfe dual gap decay factor: 8.000000e-01
	 Additional kwargs: 
Away FW: false
	 Total number of variables: 300
	 Number of integer variables: 0
	 Number of binary variables: 150


-----------------------------------------------------------------------------------------------------------------------------------------------------------------------------
   Iter  Open          Bound      Incumbent      Gap (abs)      Gap (rel)       Time (s)      Nodes/sec      FW (ms)   LMO (ms)  LMO (calls c)   FW (its) #activeset  #shadow
-----------------------------------------------------------------------------------------------------------------------------------------------------------------------------
*     1     2   3.219937e+00   3.680463e+00   4.605264e-01   1.430234e-01   7.360000e-01   4.076087e+00          732        254             43        307        8        1
*    33    34   3.360753e+00   3.666072e+00   3.053196e-01   9.084857e-02   1.587300e+01   4.221004e+00          425        155           1059        175        8        3
*    39    40   3.369121e+00   3.635730e+00   2.666085e-01   7.913295e-02   1.911300e+01   4.133312e+00          554        194           1272        227       11        7
    100   101   3.419994e+00   3.635730e+00   2.157361e-01   6.308084e-02   5.101400e+01   3.940095e+00          619        198           3304        278       11        4
    200   201   3.456026e+00   3.635730e+00   1.797041e-01   5.199734e-02   1.066560e+02   3.759751e+00          485        171           6685        209       10        3
*   229   230   3.463296e+00   3.622367e+00   1.590717e-01   4.593073e-02   1.222590e+02   3.754325e+00          732        193           7628        369       10        2
*   293   294   3.474603e+00   3.617797e+00   1.431939e-01   4.121159e-02   1.602440e+02   3.663164e+00          841        160           9859        482        8        4
    300   301   3.475125e+00   3.617797e+00   1.426724e-01   4.105534e-02   1.640390e+02   3.663763e+00          418        165          10090        162       12        3
    400   401   3.492487e+00   3.617797e+00   1.253100e-01   3.587988e-02   2.241180e+02   3.574010e+00          378        129          13542        160       14        4
    500   501   3.503818e+00   3.617797e+00   1.139788e-01   3.252989e-02   2.870920e+02   3.486687e+00          631        186          17101        301       18        3
    600   601   3.513036e+00   3.617797e+00   1.047615e-01   2.982079e-02   3.485290e+02   3.445911e+00          692        210          20523        318       12        3
    700   691   3.521751e+00   3.617797e+00   9.604662e-02   2.727241e-02   4.120970e+02   3.375419e+00          534        161          24047        259       11        4
    800   769   3.527436e+00   3.617797e+00   9.036107e-02   2.561664e-02   4.745600e+02   3.306220e+00          685        206          27567        317       17        8
    900   831   3.534436e+00   3.617797e+00   8.336110e-02   2.358540e-02   5.357260e+02   3.231129e+00          503        149          31058        235       15        4
   1000   881   3.539943e+00   3.617797e+00   7.785376e-02   2.199294e-02   5.968650e+02   3.151466e+00          657        221          34462        294       19        8
   1100   917   3.544292e+00   3.617797e+00   7.350488e-02   2.073894e-02   6.543430e+02   3.082481e+00          469        161          37699        206        8        7
   1200   945   3.547845e+00   3.617797e+00   6.995181e-02   1.971670e-02   7.079300e+02   3.029961e+00          556        196          40834        241       11        2
   1300   969   3.551308e+00   3.617797e+00   6.648880e-02   1.872234e-02   7.643110e+02   2.968687e+00          720        209          43986        338       16        4
   1400   981   3.555591e+00   3.617797e+00   6.220646e-02   1.749539e-02   8.171470e+02   2.913796e+00          123         45          46946         52        8        3
   1500   989   3.558991e+00   3.617797e+00   5.880661e-02   1.652340e-02   8.670370e+02   2.870696e+00          520        163          49873        229       13        5
   1600   993   3.561272e+00   3.617797e+00   5.652486e-02   1.587210e-02   9.099850e+02   2.849498e+00          399        125          52450        190       15       10
   1700   993   3.565135e+00   3.617797e+00   5.266260e-02   1.477156e-02   9.526270e+02   2.826920e+00          376        120          54995        181        9        3
   1800   993   3.567856e+00   3.617797e+00   4.994156e-02   1.399764e-02   9.972050e+02   2.800828e+00          506        174          57627        211       16       12
   1900   993   3.570317e+00   3.617797e+00   4.748046e-02   1.329867e-02   1.035090e+03   2.794926e+00          277        118          59957         98        9        2
   2000   995   3.572363e+00   3.617797e+00   4.543459e-02   1.271836e-02   1.079281e+03   2.774996e+00          403        153          62544        166       16        6
   2100   995   3.574843e+00   3.617797e+00   4.295452e-02   1.201578e-02   1.119342e+03   2.765017e+00          371        125          64928        170       17        4
   2200   995   3.576938e+00   3.617797e+00   4.085924e-02   1.142297e-02   1.160877e+03   2.752230e+00          458        135          67418        204       17        8
   2300   995   3.578595e+00   3.617797e+00   3.920214e-02   1.095462e-02   1.196658e+03   2.753502e+00          528        175          69596        223       18       12
   2400   995   3.580612e+00   3.617797e+00   3.718550e-02   1.038524e-02   1.235432e+03   2.748027e+00          339        109          71936        161       15        7
   2467   994   3.582022e+00   3.617797e+00   3.577535e-02   9.987474e-03   1.258800e+03   2.749444e+00           76         35          73390         23        2        1
-----------------------------------------------------------------------------------------------------------------------------------------------------------------------------

Postprocessing

Blended Pairwise Conditional Gradient Algorithm.
MEMORY_MODE: FrankWolfe.InplaceEmphasis() STEPSIZE: Adaptive EPSILON: 1.0e-7 MAXITERATION: 10000 TYPE: Float64
GRADIENTTYPE: Nothing LAZY: true lazy_tolerance: 2.0

----------------------------------------------------------------------------------------------------------------
  Type     Iteration         Primal           Dual       Dual Gap           Time         It/sec     #ActiveSet
----------------------------------------------------------------------------------------------------------------
     I             1   3.217097e+01  -2.322638e+01   5.539734e+01   0.000000e+00            Inf              1
    LD             4   7.964431e+00  -9.339975e-02   8.057831e+00   1.280516e-03   3.123741e+03              2
    LD             9   3.673470e+00   3.602680e+00   7.078947e-02   6.040097e-03   1.490042e+03              2
    LD            11   3.617797e+00   3.617797e+00  -2.220446e-16   1.054655e-02   1.042995e+03              1
  Last            11   3.617797e+00   3.617797e+00   0.000000e+00   1.883660e-02   5.839694e+02              1
----------------------------------------------------------------------------------------------------------------
    PP            11   3.617797e+00   3.617797e+00   0.000000e+00   2.305556e-02   4.771083e+02              1
----------------------------------------------------------------------------------------------------------------

Solution Statistics.
	 Solution Status: Optimal (tolerance reached)
	 Primal Objective: 3.6177972196873176
	 Dual Bound: 3.5820218681589218
	 Dual Gap (relative): 0.009987474349726279

Search Statistics.
	 Total number of nodes processed: 3461
	 Total number of lmo calls: 73397
	 Total time (s): 1258.833
	 LMO calls / sec: 58.30558938318267
	 Nodes / sec: 2.7493718388380346
	 LMO calls / node: 21.206876625252818


(seed, dimension) = (2, 30)
Away FW: false


Boscia Algorithm.

Parameter settings.
	 Tree traversal strategy: Move best bound
	 Branching strategy: Most infeasible
	 Absolute dual gap tolerance: 1.000000e-06
	 Relative dual gap tolerance: 1.000000e-02
	 Frank-Wolfe subproblem tolerance: 1.000000e-02
	 Frank-Wolfe dual gap decay factor: 8.000000e-01
	 Additional kwargs: 
Away FW: false
	 Total number of variables: 300
	 Number of integer variables: 0
	 Number of binary variables: 150


-----------------------------------------------------------------------------------------------------------------------------------------------------------------------------
   Iter  Open          Bound      Incumbent      Gap (abs)      Gap (rel)       Time (s)      Nodes/sec      FW (ms)   LMO (ms)  LMO (calls c)   FW (its) #activeset  #shadow
-----------------------------------------------------------------------------------------------------------------------------------------------------------------------------
*     1     2   3.574775e+00   4.220716e+00   6.459410e-01   1.806942e-01   6.500000e-01   4.615385e+00          646        234             40        272        8        1
*    55    56   3.771939e+00   4.177943e+00   4.060039e-01   1.076380e-01   3.332700e+01   3.330633e+00          589        183           1921        282        9        4
    100   101   3.808965e+00   4.177943e+00   3.689779e-01   9.687090e-02   6.286000e+01   3.197582e+00          669        200           3522        324       20        9
    200   201   3.856632e+00   4.177943e+00   3.213105e-01   8.331375e-02   1.333200e+02   3.007801e+00          852        236           7274        407       14        6
*   249   250   3.874577e+00   4.115567e+00   2.409898e-01   6.219770e-02   1.689520e+02   2.953502e+00          571        131           9146        295        7        4
    300   301   3.882374e+00   4.115567e+00   2.331929e-01   6.006450e-02   2.056720e+02   2.922128e+00          557        166          11026        268       15        3
    400   401   3.901686e+00   4.115567e+00   2.138806e-01   5.481749e-02   2.752580e+02   2.909997e+00          815        229          14635        408       21        9
    500   501   3.915110e+00   4.115567e+00   2.004565e-01   5.120072e-02   3.417380e+02   2.929145e+00          482        167          18186        205       16        1
    600   601   3.926145e+00   4.115567e+00   1.894220e-01   4.824630e-02   4.088110e+02   2.937788e+00          653        185          21771        313       16        8
    700   701   3.936588e+00   4.115567e+00   1.789787e-01   4.546544e-02   4.758810e+02   2.944013e+00          473        156          25306        208       13        5
    800   801   3.945262e+00   4.115567e+00   1.703045e-01   4.316683e-02   5.444230e+02   2.940728e+00          442        152          28930        189       14        6
    900   899   3.951691e+00   4.115567e+00   1.638753e-01   4.146965e-02   6.166990e+02   2.917144e+00          464        139          32713        220       14        4
   1000   995   3.958887e+00   4.115567e+00   1.566795e-01   3.957665e-02   6.881320e+02   2.899153e+00          398        143          36418        160       14        5
   1100  1087   3.966645e+00   4.115567e+00   1.489222e-01   3.754361e-02   7.570460e+02   2.888860e+00          455        131          40032        220       16        8
   1200  1173   3.970837e+00   4.115567e+00   1.447301e-01   3.644827e-02   8.285610e+02   2.864002e+00          497        143          43705        241       17        6
   1300  1247   3.976008e+00   4.115567e+00   1.395592e-01   3.510034e-02   8.987060e+02   2.834075e+00          466        143          47278        215       17        8
   1400  1315   3.980781e+00   4.115567e+00   1.347859e-01   3.385916e-02   9.672230e+02   2.807005e+00          459        158          50842        203       12        6
   1500  1369   3.985688e+00   4.115567e+00   1.298787e-01   3.258627e-02   1.034105e+03   2.774380e+00          341        116          54254        143       13        2
   1600  1421   3.989274e+00   4.115567e+00   1.262924e-01   3.165800e-02   1.105342e+03   2.733091e+00          602        191          57901        273       13        7
   1700  1463   3.992799e+00   4.115567e+00   1.227679e-01   3.074734e-02   1.173063e+03   2.696360e+00          273        112          61404        103        9        4
   1800  1493   3.996615e+00   4.115567e+00   1.189514e-01   2.976303e-02   1.236009e+03   2.664220e+00          572        177          64678        264       10        9
   1900  1515   4.000432e+00   4.115567e+00   1.151349e-01   2.878062e-02   1.304128e+03   2.618608e+00          525        179          68043        234       18        7
   2000  1529   4.003613e+00   4.115567e+00   1.119538e-01   2.796320e-02   1.366524e+03   2.582465e+00          581        200          71305        242       14        5
   2100  1543   4.006454e+00   4.115567e+00   1.091124e-01   2.723416e-02   1.430341e+03   2.546945e+00          768        182          74487        413       18        3
   2200  1549   4.009639e+00   4.115567e+00   1.059277e-01   2.641826e-02   1.492120e+03   2.512533e+00          502        157          77553        236       16        7
   2300  1553   4.012209e+00   4.115567e+00   1.033575e-01   2.576075e-02   1.548958e+03   2.487479e+00          498        177          80507        201       12        3
   2400  1557   4.014582e+00   4.115567e+00   1.009846e-01   2.515446e-02   1.608338e+03   2.460304e+00          602        198          83389        260       16        4
   2500  1559   4.017453e+00   4.115567e+00   9.811371e-02   2.442187e-02   1.666946e+03   2.434992e+00          701        219          86403        316       15        8
   2600  1563   4.019533e+00   4.115567e+00   9.603336e-02   2.389167e-02   1.721376e+03   2.418414e+00          624        179          89095        293       12        4
   2700  1565   4.021780e+00   4.115567e+00   9.378708e-02   2.331980e-02   1.775819e+03   2.401709e+00          492        156          91811        215       16        4
   2748  1565   4.022867e+00   4.115567e+00   9.269936e-02   2.304311e-02   1.800267e+03   2.395756e+00         1193        300          93048        606       30        6
-----------------------------------------------------------------------------------------------------------------------------------------------------------------------------

Postprocessing

Blended Pairwise Conditional Gradient Algorithm.
MEMORY_MODE: FrankWolfe.InplaceEmphasis() STEPSIZE: Adaptive EPSILON: 1.0e-7 MAXITERATION: 10000 TYPE: Float64
GRADIENTTYPE: Nothing LAZY: true lazy_tolerance: 2.0

----------------------------------------------------------------------------------------------------------------
  Type     Iteration         Primal           Dual       Dual Gap           Time         It/sec     #ActiveSet
----------------------------------------------------------------------------------------------------------------
     I             1   2.611131e+01  -1.445758e+01   4.056888e+01   0.000000e+00            Inf              1
    LD             4   7.615111e+00   1.819429e+00   5.795683e+00   8.660485e-02   4.618679e+01              2
    LD             9   4.115567e+00   4.115567e+00   0.000000e+00   9.213923e-02   9.767826e+01              1
  Last             9   4.115567e+00   4.115567e+00   0.000000e+00   1.001271e-01   8.988572e+01              1
----------------------------------------------------------------------------------------------------------------
    PP             9   4.115567e+00   4.115567e+00   0.000000e+00   1.042864e-01   8.630080e+01              1
----------------------------------------------------------------------------------------------------------------

Solution Statistics.
	 Solution Status: Time limit reached
	 Primal Objective: 4.115566751961235
	 Dual Bound: 4.0228673870388105
	 Dual Gap (relative): 0.02304310731720624

Search Statistics.
	 Total number of nodes processed: 4313
	 Total number of lmo calls: 93054
	 Total time (s): 1800.382
	 LMO calls / sec: 51.68569781301968
	 Nodes / sec: 2.395602710980225
	 LMO calls / node: 21.575237653605377


(seed, dimension) = (1, 30)
Away FW: false


Boscia Algorithm.

Parameter settings.
	 Tree traversal strategy: Move best bound
	 Branching strategy: Most infeasible
	 Absolute dual gap tolerance: 1.000000e-06
	 Relative dual gap tolerance: 1.000000e-02
	 Frank-Wolfe subproblem tolerance: 1.000000e-02
	 Frank-Wolfe dual gap decay factor: 8.000000e-01
	 Additional kwargs: 
Away FW: false
	 Total number of variables: 300
	 Number of integer variables: 0
	 Number of binary variables: 150


-----------------------------------------------------------------------------------------------------------------------------------------------------------------------------
   Iter  Open          Bound      Incumbent      Gap (abs)      Gap (rel)       Time (s)      Nodes/sec      FW (ms)   LMO (ms)  LMO (calls c)   FW (its) #activeset  #shadow
-----------------------------------------------------------------------------------------------------------------------------------------------------------------------------
*     1     2   3.219937e+00   3.680463e+00   4.605264e-01   1.430234e-01   7.510000e-01   3.994674e+00          746        256             43        307        8        1
*    33    34   3.360753e+00   3.666072e+00   3.053196e-01   9.084857e-02   1.615100e+01   4.148350e+00          435        158           1059        175        8        3
*    39    40   3.369121e+00   3.635730e+00   2.666085e-01   7.913295e-02   1.949200e+01   4.052945e+00          569        198           1272        227       11        7
    100   101   3.419994e+00   3.635730e+00   2.157361e-01   6.308084e-02   5.200000e+01   3.865385e+00          631        202           3304        278       11        4
    200   201   3.456026e+00   3.635730e+00   1.797041e-01   5.199734e-02   1.084040e+02   3.699125e+00          510        175           6685        209       10        3
*   229   230   3.463296e+00   3.622367e+00   1.590717e-01   4.593073e-02   1.242090e+02   3.695384e+00          737        196           7628        369       10        2
*   293   294   3.474603e+00   3.617797e+00   1.431939e-01   4.121159e-02   1.626770e+02   3.608377e+00          839        161           9859        482        8        4
    300   301   3.475125e+00   3.617797e+00   1.426724e-01   4.105534e-02   1.665290e+02   3.608981e+00          446        168          10090        162       12        3
    400   401   3.492487e+00   3.617797e+00   1.253100e-01   3.587988e-02   2.272140e+02   3.525311e+00          404        131          13542        160       14        4
    500   501   3.503818e+00   3.617797e+00   1.139788e-01   3.252989e-02   2.910150e+02   3.439685e+00          618        187          17101        301       18        3
    600   601   3.513036e+00   3.617797e+00   1.047615e-01   2.982079e-02   3.534010e+02   3.398406e+00          704        214          20523        318       12        3
    700   691   3.521751e+00   3.617797e+00   9.604662e-02   2.727241e-02   4.178500e+02   3.328946e+00          566        165          24047        259       11        4
    800   769   3.527436e+00   3.617797e+00   9.036107e-02   2.561664e-02   4.812960e+02   3.259948e+00          695        209          27567        317       17        8
    900   831   3.534436e+00   3.617797e+00   8.336110e-02   2.358540e-02   5.435410e+02   3.184672e+00          516        152          31058        235       15        4
   1000   881   3.539943e+00   3.617797e+00   7.785376e-02   2.199294e-02   6.055960e+02   3.106031e+00          664        224          34462        294       19        8
   1100   917   3.544292e+00   3.617797e+00   7.350488e-02   2.073894e-02   6.636670e+02   3.039175e+00          479        164          37699        206        8        7
   1200   945   3.547845e+00   3.617797e+00   6.995181e-02   1.971670e-02   7.180620e+02   2.987207e+00          593        201          40834        241       11        2
   1300   969   3.551308e+00   3.617797e+00   6.648880e-02   1.872234e-02   7.752150e+02   2.926930e+00          734        213          43986        338       16        4
   1400   981   3.555591e+00   3.617797e+00   6.220646e-02   1.749539e-02   8.286980e+02   2.873182e+00          122         45          46946         52        8        3
   1500   989   3.558991e+00   3.617797e+00   5.880661e-02   1.652340e-02   8.790890e+02   2.831340e+00          488        157          49873        229       13        5
   1600   993   3.561272e+00   3.617797e+00   5.652486e-02   1.587210e-02   9.225040e+02   2.810828e+00          398        126          52450        190       15       10
   1700   993   3.565135e+00   3.617797e+00   5.266260e-02   1.477156e-02   9.656270e+02   2.788862e+00          384        122          54995        181        9        3
   1800   993   3.567856e+00   3.617797e+00   4.994156e-02   1.399764e-02   1.010987e+03   2.762647e+00          488        175          57627        211       16       12
   1900   993   3.570317e+00   3.617797e+00   4.748046e-02   1.329867e-02   1.049514e+03   2.756514e+00          306        119          59957         98        9        2
   2000   995   3.572363e+00   3.617797e+00   4.543459e-02   1.271836e-02   1.094409e+03   2.736637e+00          443        158          62544        166       16        6
   2100   995   3.574843e+00   3.617797e+00   4.295452e-02   1.201578e-02   1.135125e+03   2.726572e+00          415        130          64928        170       17        4
   2200   995   3.576938e+00   3.617797e+00   4.085924e-02   1.142297e-02   1.177305e+03   2.713825e+00          435        136          67418        204       17        8
   2300   995   3.578595e+00   3.617797e+00   3.920214e-02   1.095462e-02   1.213646e+03   2.714960e+00          505        173          69596        223       18       12
   2400   995   3.580612e+00   3.617797e+00   3.718550e-02   1.038524e-02   1.252977e+03   2.709547e+00          385        112          71936        161       15        7
   2467   994   3.582022e+00   3.617797e+00   3.577535e-02   9.987474e-03   1.276692e+03   2.710912e+00          106         36          73390         23        2        1
-----------------------------------------------------------------------------------------------------------------------------------------------------------------------------

Postprocessing

Blended Pairwise Conditional Gradient Algorithm.
MEMORY_MODE: FrankWolfe.InplaceEmphasis() STEPSIZE: Adaptive EPSILON: 1.0e-7 MAXITERATION: 10000 TYPE: Float64
GRADIENTTYPE: Nothing LAZY: true lazy_tolerance: 2.0

----------------------------------------------------------------------------------------------------------------
  Type     Iteration         Primal           Dual       Dual Gap           Time         It/sec     #ActiveSet
----------------------------------------------------------------------------------------------------------------
     I             1   3.217097e+01  -2.322638e+01   5.539734e+01   0.000000e+00            Inf              1
    LD             4   7.964431e+00  -9.339975e-02   8.057831e+00   1.249961e-03   3.200100e+03              2
    LD             9   3.673470e+00   3.602680e+00   7.078947e-02   6.072320e-03   1.482135e+03              2
    LD            11   3.617797e+00   3.617797e+00  -2.220446e-16   1.062147e-02   1.035638e+03              1
  Last            11   3.617797e+00   3.617797e+00   0.000000e+00   1.899985e-02   5.789521e+02              1
----------------------------------------------------------------------------------------------------------------
    PP            11   3.617797e+00   3.617797e+00   0.000000e+00   2.326258e-02   4.728623e+02              1
----------------------------------------------------------------------------------------------------------------

Solution Statistics.
	 Solution Status: Optimal (tolerance reached)
	 Primal Objective: 3.6177972196873176
	 Dual Bound: 3.5820218681589218
	 Dual Gap (relative): 0.009987474349726279

Search Statistics.
	 Total number of nodes processed: 3461
	 Total number of lmo calls: 73397
	 Total time (s): 1276.726
	 LMO calls / sec: 57.48845092839027
	 Nodes / sec: 2.7108400706181275
	 LMO calls / node: 21.206876625252818


(seed, dimension) = (2, 30)
Away FW: false


Boscia Algorithm.

Parameter settings.
	 Tree traversal strategy: Move best bound
	 Branching strategy: Most infeasible
	 Absolute dual gap tolerance: 1.000000e-06
	 Relative dual gap tolerance: 1.000000e-02
	 Frank-Wolfe subproblem tolerance: 1.000000e-02
	 Frank-Wolfe dual gap decay factor: 8.000000e-01
	 Additional kwargs: 
Away FW: false
	 Total number of variables: 300
	 Number of integer variables: 0
	 Number of binary variables: 150


-----------------------------------------------------------------------------------------------------------------------------------------------------------------------------
   Iter  Open          Bound      Incumbent      Gap (abs)      Gap (rel)       Time (s)      Nodes/sec      FW (ms)   LMO (ms)  LMO (calls c)   FW (its) #activeset  #shadow
-----------------------------------------------------------------------------------------------------------------------------------------------------------------------------
*     1     2   3.574775e+00   4.220716e+00   6.459410e-01   1.806942e-01   7.010000e-01   4.279601e+00          697        242             40        272        8        1
*    55    56   3.771939e+00   4.177943e+00   4.060039e-01   1.076380e-01   3.396800e+01   3.267781e+00          604        188           1921        282        9        4
    100   101   3.808965e+00   4.177943e+00   3.689779e-01   9.687090e-02   6.404500e+01   3.138418e+00          716        203           3522        324       20        9
    200   201   3.856632e+00   4.177943e+00   3.213105e-01   8.331375e-02   1.353860e+02   2.961902e+00          866        238           7274        407       14        6
*   249   250   3.874577e+00   4.115567e+00   2.409898e-01   6.219770e-02   1.714930e+02   2.909740e+00          591        135           9146        295        7        4
    300   301   3.882374e+00   4.115567e+00   2.331929e-01   6.006450e-02   2.082300e+02   2.886232e+00          559        166          11026        268       15        3
    400   401   3.901686e+00   4.115567e+00   2.138806e-01   5.481749e-02   2.776370e+02   2.885062e+00          842        228          14635        408       21        9
    500   501   3.915110e+00   4.115567e+00   2.004565e-01   5.120072e-02   3.444460e+02   2.906116e+00          479        166          18186        205       16        1
    600   601   3.926145e+00   4.115567e+00   1.894220e-01   4.824630e-02   4.109860e+02   2.922241e+00          637        183          21771        313       16        8
    700   701   3.936588e+00   4.115567e+00   1.789787e-01   4.546544e-02   4.775140e+02   2.933945e+00          469        154          25306        208       13        5
    800   801   3.945262e+00   4.115567e+00   1.703045e-01   4.316683e-02   5.455650e+02   2.934572e+00          424        149          28930        189       14        6
    900   899   3.951691e+00   4.115567e+00   1.638753e-01   4.146965e-02   6.177030e+02   2.912403e+00          466        138          32713        220       14        4
   1000   995   3.958887e+00   4.115567e+00   1.566795e-01   3.957665e-02   6.891470e+02   2.894883e+00          385        142          36418        160       14        5
   1100  1087   3.966645e+00   4.115567e+00   1.489222e-01   3.754361e-02   7.581690e+02   2.884581e+00          458        145          40032        220       16        8
   1200  1173   3.970837e+00   4.115567e+00   1.447301e-01   3.644827e-02   8.300100e+02   2.859002e+00          501        143          43705        241       17        6
   1300  1247   3.976008e+00   4.115567e+00   1.395592e-01   3.510034e-02   9.003020e+02   2.829051e+00          472        144          47278        215       17        8
   1400  1315   3.980781e+00   4.115567e+00   1.347859e-01   3.385916e-02   9.690100e+02   2.801829e+00          456        156          50842        203       12        6
   1500  1369   3.985688e+00   4.115567e+00   1.298787e-01   3.258627e-02   1.036122e+03   2.768979e+00          348        116          54254        143       13        2
   1600  1421   3.989274e+00   4.115567e+00   1.262924e-01   3.165800e-02   1.107733e+03   2.727191e+00          634        195          57901        273       13        7
   1700  1463   3.992799e+00   4.115567e+00   1.227679e-01   3.074734e-02   1.175921e+03   2.689807e+00          294        114          61404        103        9        4
   1800  1493   3.996615e+00   4.115567e+00   1.189514e-01   2.976303e-02   1.239392e+03   2.656948e+00          554        176          64678        264       10        9
   1900  1515   4.000432e+00   4.115567e+00   1.151349e-01   2.878062e-02   1.304982e+03   2.616894e+00          555        184          68043        234       18        7
   2000  1529   4.003613e+00   4.115567e+00   1.119538e-01   2.796320e-02   1.368178e+03   2.579343e+00          591        203          71305        242       14        5
   2100  1543   4.006454e+00   4.115567e+00   1.091124e-01   2.723416e-02   1.432923e+03   2.542356e+00          779        183          74487        413       18        3
   2200  1549   4.009639e+00   4.115567e+00   1.059277e-01   2.641826e-02   1.495573e+03   2.506732e+00          504        158          77553        236       16        7
   2300  1553   4.012209e+00   4.115567e+00   1.033575e-01   2.576075e-02   1.553289e+03   2.480543e+00          489        178          80507        201       12        3
   2400  1557   4.014582e+00   4.115567e+00   1.009846e-01   2.515446e-02   1.613580e+03   2.452311e+00          616        202          83389        260       16        4
   2500  1559   4.017453e+00   4.115567e+00   9.811371e-02   2.442187e-02   1.673067e+03   2.426083e+00          717        225          86403        316       15        8
   2600  1563   4.019533e+00   4.115567e+00   9.603336e-02   2.389167e-02   1.728336e+03   2.408675e+00          633        181          89095        293       12        4
   2700  1565   4.021780e+00   4.115567e+00   9.378708e-02   2.331980e-02   1.783582e+03   2.391255e+00          478        157          91811        215       16        4
   2729  1564   4.022649e+00   4.115567e+00   9.291729e-02   2.309853e-02   1.800322e+03   2.384573e+00          517        140          92581        175       10        2
-----------------------------------------------------------------------------------------------------------------------------------------------------------------------------

Postprocessing

Blended Pairwise Conditional Gradient Algorithm.
MEMORY_MODE: FrankWolfe.InplaceEmphasis() STEPSIZE: Adaptive EPSILON: 1.0e-7 MAXITERATION: 10000 TYPE: Float64
GRADIENTTYPE: Nothing LAZY: true lazy_tolerance: 2.0

----------------------------------------------------------------------------------------------------------------
  Type     Iteration         Primal           Dual       Dual Gap           Time         It/sec     #ActiveSet
----------------------------------------------------------------------------------------------------------------
     I             1   2.611131e+01  -1.445758e+01   4.056888e+01   0.000000e+00            Inf              1
    LD             4   7.615111e+00   1.819429e+00   5.795683e+00   1.340455e-03   2.984061e+03              2
    LD             9   4.115567e+00   4.115567e+00   0.000000e+00   6.317436e-03   1.424629e+03              1
  Last             9   4.115567e+00   4.115567e+00   0.000000e+00   1.524747e-02   5.902619e+02              1
----------------------------------------------------------------------------------------------------------------
    PP             9   4.115567e+00   4.115567e+00   0.000000e+00   1.983583e-02   4.537244e+02              1
----------------------------------------------------------------------------------------------------------------
[ Info: Polish solution
[ Info: In memory_mode memory iterates are written back into x0!
[ Info: primal >= tree.incumbent
[ Info: postsolve did not improve the solution
[ Info: In memory_mode memory iterates are written back into x0!
[ Info: primal >= tree.incumbent
[ Info: postsolve did not improve the solution
[ Info: Polish solution
[ Info: In memory_mode memory iterates are written back into x0!
[ Info: primal >= tree.incumbent
[ Info: postsolve did not improve the solution
[ Info: In memory_mode memory iterates are written back into x0!
[ Info: primal >= tree.incumbent
[ Info: postsolve did not improve the solution
[ Info: Polish solution
[ Info: In memory_mode memory iterates are written back into x0!
[ Info: primal >= tree.incumbent
[ Info: postsolve did not improve the solution
[ Info: In memory_mode memory iterates are written back into x0!
[ Info: primal >= tree.incumbent
[ Info: postsolve did not improve the solution

Solution Statistics.
	 Solution Status: Time limit reached
	 Primal Objective: 4.115566751961235
	 Dual Bound: 4.02264945729483
	 Dual Gap (relative): 0.023098531366660624

Search Statistics.
	 Total number of nodes processed: 4293
	 Total number of lmo calls: 92587
	 Total time (s): 1800.353
	 LMO calls / sec: 51.427136789285214
	 Nodes / sec: 2.3845323667080844
	 LMO calls / node: 21.566969485208478


