(seed, dimension) = (1, 85)
Away FW: false

Away FW: false

(x, f(x)) = ([0.0, 0.0, 0.0, 0.0, 0.0, 0.0, 0.0, 0.0, 0.0, 0.0, 0.0, 0.0, 0.0, 0.0, 0.0, 0.0, 0.0, 0.0, 0.0, 0.0, 0.0, 0.0, 0.0, 0.0, 0.0, 0.0, 0.0, 0.0, 0.0, 0.0, 0.0, 0.0, 0.0, 0.0, 0.0, 0.0, 0.0, 0.0, 0.0, 0.0, 0.0, 0.0, 0.02119644178610077, 0.0, 0.0, 0.051668112267793685, 0.019240615981961424, 0.04396739402034837, 0.01678226078298475, 0.027582425079710027, 0.0485271431039138, 0.020620841749572263, 0.054146046359151385, 0.03605963998183972, 0.0, 0.010721368168395109, 0.015096411482556277, 0.018282078712814336, 0.020608982726582212, 0.04786074288633743, 0.005199491500907341, 0.032152939775019866, 0.028669435009140657, 0.011285151204795396, 0.0, 0.006560016283807874, 0.0, 0.02959766889121431, 0.038031565495598114, 0.04109387918747072, 0.0, 0.0, 0.019251851419699043, 0.040672102618113555, 0.054746969370538794, 0.038956092626862185, 0.026313327973717795, 0.0, 0.03942807578353857, 0.0011230031431899413, 0.040194421749015725, 0.040702719324082565, 0.001315585651820775, 0.048373753882404974, 0.00397144401900025], -0.1345922061936401)
(seed, dimension) = (2, 85)
Away FW: false

Away FW: false

(x, f(x)) = ([0.0, 0.0, 0.0, 0.0, 0.0, 0.0, 0.0, 0.0, 0.0, 0.0, 0.0, 0.0, 0.0, 0.0, 0.0, 0.0, 0.0, 0.0, 0.0, 0.0, 0.0, 0.0, 0.0, 0.0, 0.0, 0.0, 0.0, 0.0, 0.0, 0.0, 0.0, 0.0, 0.0, 0.0, 0.0, 0.0, 0.0, 0.0, 0.0, 0.0, 0.0, 0.0, 0.0, 0.0, 0.03665606166126456, 0.022853133071645253, 0.034933417828243656, 0.05696312758901283, 0.020270235267009107, 0.03420241173951806, 0.013985093975654301, 0.0, 0.0, 0.04670249763005426, 0.010640265603467808, 0.10740237893679377, 0.03680193869033579, 0.0061936988471640985, 0.04824824874173868, 0.0, 0.03306696085175562, 0.03994479562841847, 0.0, 0.0, 0.030847963821579977, 0.08932850103444154, 0.0006013659320551212, 0.0, 0.021620909669342676, 0.050226293061024815, 0.0, 0.05347938565413685, 0.0579766810801227, 0.003267093415976839, 0.006454400769178674, 0.0422241023643403, 0.07816840139322603, 0.03130424125438629, 0.03225284891407103, 0.00837642766637687, 0.031601850579903876, 0.006597825207973816, 0.0, 0.05762931878953511, 0.021551725106204737], -0.39055393100463726)
(seed, dimension) = (3, 85)
Away FW: false

Away FW: false

(x, f(x)) = ([0.0, 0.0, 0.0, 0.0, 0.0, 0.0, 0.0, 0.0, 0.0, 0.0, 0.0, 0.0, 0.0, 0.0, 0.0, 0.0, 0.0, 0.0, 0.0, 0.0, 0.0, 0.0, 0.0, 0.0, 0.0, 0.0, 0.0, 0.0, 0.0, 0.0, 0.0, 0.0, 0.0, 0.0, 0.0, 0.0, 0.0, 0.0, 0.0, 0.0, 0.0, 0.0, 0.03189936431722629, 0.053523988974316705, 0.008183304856680087, 0.04402562034216758, 0.02588829963879447, 0.0, 0.0181903520287766, 0.04080111259168022, 0.013744882536189882, 0.010881820498132399, 0.012965671165058059, 0.0, 0.002214272027216676, 0.0, 0.0556139388167683, 0.020757718584193657, 0.04003087603993981, 0.0, 0.018507830959388856, 0.0, 0.04629072410214463, 0.040984191125301495, 0.05328053428610169, 0.019306339868630108, 0.015601595681570365, 0.039383274414721184, 0.01229789033383388, 0.0, 0.011634268329518598, 0.0059410029621888415, 0.04086416535684295, 0.041027806370511545, 0.030829831272955747, 0.04826877392091668, 0.013865426699810852, 0.04115950564595288, 0.014465070075700262, 0.0, 0.05990078961648885, 0.0, 0.05132740717583253, 0.01634234938444733, 0.0], -0.01813430824330675)
(seed, dimension) = (4, 85)
Away FW: false

Away FW: false

(x, f(x)) = ([0.0, 0.0, 0.0, 0.0, 0.0, 0.0, 0.0, 0.0, 0.0, 0.0, 0.0, 0.0, 0.0, 0.0, 0.0, 0.0, 0.0, 0.0, 0.0, 0.0, 0.0, 0.0, 0.0, 0.0, 0.0, 0.0, 0.0, 0.0, 0.0, 0.0, 0.0, 0.0, 0.0, 0.0, 0.0, 0.0, 0.0, 0.0, 0.0, 0.0, 0.0, 0.0, 0.041469425833563715, 0.0, 0.11878422337645264, 0.11992193825550042, 0.04422374673954003, 0.0, 0.11315277794269556, 0.03201280225839207, 0.11558956812416117, 0.04349385205057384, 0.11410797114517128, 0.0570013688894621, 0.02849400477258775, 0.0, 0.04695064367611314, 0.07757838231372419, 0.0, 0.0, 0.0863307786154847, 0.0, 0.10488782356481066, 0.07344388398791096, 0.14904978075987366, 0.04289297853628425, 0.011436015966439289, 0.02945142380223897, 0.09188713794851902, 0.02066376167158861, 0.09678923169798778, 0.0023947309912284984, 0.031992717592498096, 0.046098720697359215, 0.05542589333433435, 0.0, 0.06636259134400688, 0.012777423894689503, 0.06085337625945218, 0.0, 0.03151246802084422, 0.0828767586843664, 0.047388361703546836, 0.0, 0.019329881899119578], -0.7180911005161837)
(seed, dimension) = (5, 85)
Away FW: false

Away FW: false

(x, f(x)) = ([0.0, 0.0, 0.0, 0.0, 0.0, 0.0, 0.0, 0.0, 0.0, 0.0, 0.0, 0.0, 0.0, 0.0, 0.0, 0.0, 0.0, 0.0, 0.0, 0.0, 0.0, 0.0, 0.0, 0.0, 0.0, 0.0, 0.0, 0.0, 0.0, 0.0, 0.0, 0.0, 0.0, 0.0, 0.0, 0.0, 0.0, 0.0, 0.0, 0.0, 0.0, 0.0, 0.03862200437973687, 0.0, 0.002330634590729924, 0.017352220972510445, 0.0, 0.06469436505728364, 0.03356630606738695, 0.012479256975708067, 0.0, 0.018986890365869778, 0.013822551883992265, 0.0, 0.009346157833670026, 0.0, 0.016632703538078, 0.0330909180698486, 0.07341513566273819, 0.0, 0.058966325616642785, 0.03767591379719094, 0.027300695475827863, 0.032873459176618124, 0.0, 0.0042429068906687075, 0.05342566461833467, 0.023589439639321835, 0.02301514242334154, 0.023811995436662816, 0.05633054316413014, 0.048488900132242815, 0.0, 0.013603354517284418, 0.021109200388860487, 0.026885925373241925, 0.023667033781460303, 0.011061964483132404, 0.0, 0.04051212236193935, 0.0592091258008614, 0.018570814202813497, 0.008466161565419853, 0.0, 0.052854165756451445], -0.23528733530343715)
(seed, dimension) = (6, 85)
Away FW: false

Away FW: false

(x, f(x)) = ([0.0, 0.0, 0.0, 0.0, 0.0, 0.0, 0.0, 0.0, 0.0, 0.0, 0.0, 0.0, 0.0, 0.0, 0.0, 1.0, 0.0, 0.0, 0.0, 0.0, 0.0, 0.0, 0.0, 0.0, 0.0, 0.0, 0.0, 0.0, 0.0, 0.0, 0.0, 0.0, 0.0, 0.0, 0.0, 0.0, 0.0, 0.0, 0.0, 0.0, 0.0, 0.0, 0.38990531636281345, 0.26682376813191244, 0.2321104862236819, 0.0, 0.0, 0.0, 0.0, 0.0, 0.25229233705577825, 0.0, 0.0016855327032390202, 0.0, 0.0, 0.0, 0.007380728949743132, 0.041675740166542706, 0.0, 0.0, 0.12516006382982495, 0.17360208424599496, 0.31346342579099024, 0.18655547325499466, 0.10433516421118479, 0.0, 0.0, 0.1266006004170754, 0.3338296390122352, 0.021699759179077353, 0.20199976250784848, 0.0, 0.0, 0.06988575158363569, 0.0, 0.06880387362243845, 0.0, 0.0026301933192249527, 0.0887390785751062, 0.12098634896903925, 0.23528679764993357, 0.02465309408279719, 0.019072313031179945, 0.09782918632598081, 0.0], 5.871368275189618)
(seed, dimension) = (7, 85)
Away FW: false

Away FW: false

(x, f(x)) = ([0.0, 0.0, 0.0, 0.0, 0.0, 0.0, 0.0, 0.0, 0.0, 0.0, 0.0, 0.0, 0.0, 0.0, 0.0, 0.0, 0.0, 0.0, 0.0, 0.0, 0.0, 0.0, 0.0, 0.0, 0.0, 0.0, 0.0, 0.0, 0.0, 0.0, 0.0, 0.0, 0.0, 0.0, 0.0, 0.0, 0.0, 0.0, 0.0, 0.0, 0.0, 0.0, 0.0004175096407047442, 0.040352405617836325, 0.0, 0.03313073183210795, 0.03141832679434702, 0.0, 0.020717599465536217, 0.02240403085915255, 0.06571454913700782, 0.01404417554864251, 0.025509663531876194, 0.025836405970002856, 0.00404634638159626, 0.0, 0.04624174914717443, 0.0, 0.04665478082762564, 0.008192573089539263, 0.01514959851378651, 0.058508943174328, 0.03172401099513531, 0.03118409474715543, 0.04777465781832688, 0.0008261741789711574, 0.026584259396998645, 0.026196440869947695, 0.0, 0.0, 0.0, 0.011562479306722143, 0.03977391617164828, 0.02136651455019669, 0.009559810550193273, 0.0, 0.0, 0.035000965110880695, 0.03574402825481529, 0.009241426374326903, 0.04820910447575185, 0.030209561645013962, 0.052833808197064486, 0.053809493595166444, 0.030059864230420535], -0.28897015836955536)
(seed, dimension) = (8, 85)
Away FW: false

Away FW: false

(x, f(x)) = ([0.0, 0.0, 0.0, 0.0, 0.0, 0.0, 0.0, 0.0, 0.0, 0.0, 0.0, 0.0, 0.0, 0.0, 0.0, 0.0, 0.0, 0.0, 0.0, 0.0, 0.0, 0.0, 0.0, 0.0, 0.0, 0.0, 0.0, 0.0, 0.0, 0.0, 0.0, 0.0, 0.0, 0.0, 0.0, 0.0, 0.0, 0.0, 0.0, 0.0, 0.0, 0.0, 0.0, 0.052292868110824633, 0.04189522813311735, 0.019170311852757038, 0.043934142005169444, 0.016604092999186266, 0.06546093378081973, 0.05208326776701916, 0.056362083073040886, 0.02175574234499904, 0.015701969364774915, 0.03068643529217563, 0.0, 0.001621721056333323, 0.004427252041999691, 0.0447070544755112, 0.0, 0.011972041485370904, 0.05991586753920216, 0.039994697162639585, 0.013998618334686063, 0.028239620968745764, 0.03806981334934186, 0.03787404923880986, 0.005246913536962352, 0.027176566189558972, 0.038322985614373604, 0.0, 0.018694751154389594, 0.0052063356025043766, 0.012930431763737406, 0.0, 0.029155324607028243, 0.03584110341676511, 0.05561843184003083, 0.0, 0.0, 0.034036566075112316, 0.0, 0.010262523762183229, 0.0, 0.028448119833717728, 0.002292136227111761], -0.26593981825997254)
(seed, dimension) = (9, 85)
Away FW: false

Away FW: false

(x, f(x)) = ([0.0, 0.0, 0.0, 0.0, 0.0, 0.0, 0.0, 0.0, 0.0, 0.0, 0.0, 0.0, 0.0, 0.0, 0.0, 0.0, 0.0, 0.0, 0.0, 0.0, 0.0, 0.0, 0.0, 0.0, 0.0, 0.0, 0.0, 0.0, 0.0, 0.0, 0.0, 0.0, 0.0, 0.0, 0.0, 0.0, 0.0, 0.0, 0.0, 0.0, 0.0, 0.0, 0.0, 0.0, 0.0198348161467258, 0.04795536627239668, 0.03636178347653572, 0.030687869096195412, 0.01585309631232162, 0.010485728893047013, 0.020594924787678107, 0.04573024687302959, 0.05116558014365639, 0.021240272844639082, 0.0, 0.0, 0.0, 0.0389345371082411, 0.0019033952465120313, 0.013894715599704514, 0.026413996169283305, 0.03123823741777368, 0.02948708720423692, 0.05455177550399712, 0.0, 0.01903259154862007, 0.0, 0.024404891085313938, 0.03927837791481876, 0.04184428169624704, 0.03964083701781795, 0.021353840291952617, 0.013505435151230042, 0.020826751544159812, 0.04546076556812431, 0.021678729272072764, 0.007019841215175064, 0.0015666447958041093, 0.0, 0.06938844799343112, 0.03135569402759816, 0.02902248792400917, 0.04843991248139391, 0.0, 0.029847041376257155], 0.08628789251196667)
(seed, dimension) = (10, 85)
Away FW: false

Away FW: false

(x, f(x)) = ([0.0, 0.0, 0.0, 0.0, 0.0, 0.0, 0.0, 0.0, 0.0, 0.0, 0.0, 0.0, 0.0, 0.0, 0.0, 0.0, 0.0, 0.0, 0.0, 0.0, 0.0, 0.0, 0.0, 0.0, 0.0, 0.0, 0.0, 0.0, 0.0, 0.0, 0.0, 0.0, 0.0, 0.0, 0.0, 0.0, 0.0, 0.0, 0.0, 0.0, 0.0, 0.0, 0.02407796231366897, 0.031222867791772895, 0.04698516340779386, 0.0, 0.012349890907239603, 0.019719930424601993, 0.035333770964168745, 0.021989788513889868, 0.005437400147639518, 0.07023838717382187, 0.0, 0.03234890424127734, 0.01945275972061263, 0.011203706206584485, 0.0, 0.04583692810252393, 0.02375421064026858, 0.033134082312328256, 0.011845859630521158, 0.05926812916184262, 0.006297358655828897, 0.010786992792249407, 0.03481436899799486, 0.019467496151882414, 0.03758636546005637, 0.021942909263007012, 0.024356726424736, 0.0, 0.0425326011512247, 0.041342614941733344, 0.0006055042949316465, 0.01932560281328065, 0.04195443425676353, 0.007990373737410076, 0.031354639571811484, 0.0, 0.0, 0.008513606530694199, 0.006506505051049525, 0.017596235773287575, 0.052281033514859174, 0.0, 0.07054488895664293], -0.236724817608729)
(seed, dimension) = (1, 90)
Away FW: false

Away FW: false

(x, f(x)) = ([0.0, 0.0, 0.0, 0.0, 0.0, 0.0, 0.0, 0.0, 0.0, 0.0, 0.0, 0.0, 0.0, 0.0, 0.0, 0.0, 0.0, 0.0, 0.0, 0.0, 0.0, 0.0, 0.0, 0.0, 0.0, 0.0, 0.0, 0.0, 0.0, 0.0, 0.0, 0.0, 0.0, 0.0, 0.0, 0.0, 0.0, 0.0, 0.0, 0.0, 0.0, 0.0, 0.0, 0.0, 0.0, 0.004503947046497099, 0.049939544891144425, 0.05408060342865912, 0.0, 0.0, 0.00030002932943020317, 0.017219343093423746, 0.04339021616475206, 0.004887495669540409, 0.030323096223566267, 0.0, 0.0, 0.03349597637482762, 0.03393215742528989, 0.022522413846043043, 0.03775818857035488, 0.0026422656766654203, 0.0011073104574869873, 0.0, 0.022866875531999797, 0.0, 0.01961017062894375, 0.03137445616512063, 0.03758955206038572, 0.014893060684291132, 0.043685630438347715, 0.014612682822932068, 0.005857496038736951, 0.05613515748542538, 0.03137985025553944, 0.01785127390619493, 0.019511329470935562, 0.02766837946937992, 0.022175942490477468, 0.0, 0.0009373129255488554, 0.025817234511494345, 0.04562140693626517, 0.01641784811747841, 0.010229020537678673, 0.03851956679769841, 0.02830024353444715, 0.04529734498970807, 0.04274351006122154, 0.044802065942067835], -0.23709614698488968)
(seed, dimension) = (2, 90)
Away FW: false

Away FW: false

(x, f(x)) = ([0.0, 0.0, 0.0, 0.0, 0.0, 0.0, 0.0, 0.0, 0.0, 0.0, 0.0, 0.0, 0.0, 0.0, 0.0, 0.0, 0.0, 0.0, 0.0, 0.0, 0.0, 0.0, 0.0, 0.0, 0.0, 0.0, 0.0, 0.0, 0.0, 0.0, 0.0, 0.0, 0.0, 0.0, 0.0, 0.0, 0.0, 0.0, 0.0, 0.0, 0.0, 0.0, 0.0, 0.0, 0.0, 0.028528515335155463, 0.0, 0.039220784634325406, 0.021577040459318558, 0.0, 0.039696253466337136, 0.013798800260753946, 0.034845743935288005, 0.0, 0.015728318100879234, 0.006573571622816325, 0.0, 0.02504546367133055, 0.02686580160735431, 0.010545303779172644, 0.0382791026751019, 0.0, 0.01098487691839932, 0.01652516665831797, 0.04723791088458781, 0.04239501691926427, 0.03979507463345048, 0.016119683464722347, 0.019771667372049728, 0.043879930945684965, 0.0, 0.05648378559086074, 0.0, 0.03548318936637884, 0.03335771184668654, 0.035948402210195025, 0.0208312256743589, 0.0, 0.0, 0.002827790280956414, 0.017741796785645296, 0.03475393911624463, 0.022816516628035327, 0.023306947303161227, 0.03506335862733568, 0.05471518773147314, 0.03199911513067916, 0.0, 0.00876890329264471, 0.048488103071034024], -0.13515860944692215)
(seed, dimension) = (3, 90)
Away FW: false

Away FW: false

(x, f(x)) = ([0.0, 0.0, 0.0, 0.0, 0.0, 0.0, 0.0, 0.0, 0.0, 0.0, 0.0, 0.0, 0.0, 0.0, 0.0, 0.0, 0.0, 0.0, 0.0, 0.0, 0.0, 0.0, 0.0, 0.0, 0.0, 0.0, 0.0, 0.0, 0.0, 0.0, 0.0, 0.0, 0.0, 0.0, 0.0, 0.0, 0.0, 0.0, 0.0, 0.0, 0.0, 0.0, 0.0, 0.0, 0.0, 0.045271633518915444, 0.0007034090109985982, 0.04986405186673597, 0.018349309404239678, 0.02632472163602446, 0.04533336041508731, 0.032763582085330784, 0.01262762338011958, 0.00728741921618043, 0.04037817027908982, 0.04306396344609453, 0.02587221442626468, 0.021204384525936898, 0.020936747486206952, 0.031205580143971536, 0.03242325513006483, 0.00879944818177395, 0.022299204218856637, 0.03955530151098833, 0.01964269930094219, 0.01694579950551598, 0.013792162367451434, 0.04469566955262501, 0.01848621407291924, 0.0, 0.024506938347165202, 0.033000083654259785, 0.007596237212847522, 0.0, 0.017212339246377308, 0.0003820413244696144, 0.013702546986918647, 0.03348966504200371, 0.021700789248825705, 0.009756453094751889, 0.0, 0.012022774380356184, 0.022205892576025885, 0.022201078933526564, 0.009775806144202114, 0.04521362718885248, 0.01336996932588762, 0.043693206093831996, 0.0, 0.03234462651736349], -0.06277184212297249)
(seed, dimension) = (4, 90)
Away FW: false

Away FW: false

(x, f(x)) = ([0.0, 0.0, 0.0, 0.0, 0.0, 0.0, 0.0, 0.0, 0.0, 0.0, 0.0, 0.0, 0.0, 0.0, 0.0, 0.0, 0.0, 0.0, 0.0, 0.0, 0.0, 0.0, 0.0, 0.0, 0.0, 0.0, 0.0, 0.0, 0.0, 0.0, 0.0, 0.0, 0.0, 0.0, 0.0, 0.0, 0.0, 0.0, 0.0, 0.0, 0.0, 0.0, 0.0, 0.0, 0.0, 0.0, 0.022846934303402015, 0.07598420792803583, 0.08483337273167452, 0.10547932221471894, 0.10312803799026739, 0.0, 0.07963158326060397, 0.056874540316054795, 0.0, 0.06724485087124311, 0.08418343661614629, 0.12045326330142964, 0.0, 0.0989943278550264, 0.030753320625747285, 0.07979033862879588, 0.005182404724794432, 0.07823332619370499, 0.08473787348492773, 0.12080982832461293, 0.11672014616944826, 0.01454489613853047, 0.14582240295211504, 0.13237681166547113, 0.05918465246284532, 0.0891181696602802, 0.0846076610539325, 0.0, 0.08538919241307574, 0.13754674604316072, 0.0, 0.05555851088110074, 0.07913790674406915, 0.0, 0.019475860405036842, 0.039002982177389116, 0.023116275164581587, 0.0, 0.18813481828615713, 0.03611242240930704, 0.014088752282540525, 0.0, 0.01525431403923975, 0.020977135214546437], -0.8986722265255093)
(seed, dimension) = (5, 90)
Away FW: false

Away FW: false

(x, f(x)) = ([0.0, 0.0, 0.0, 0.0, 0.0, 0.0, 0.0, 0.0, 0.0, 0.0, 0.0, 0.0, 0.0, 0.0, 0.0, 0.0, 0.0, 0.0, 0.0, 0.0, 0.0, 0.0, 0.0, 0.0, 0.0, 0.0, 0.0, 0.0, 0.0, 0.0, 0.0, 0.0, 0.0, 0.0, 0.0, 0.0, 0.0, 0.0, 0.0, 0.0, 0.0, 0.0, 0.0, 0.0, 0.0, 0.016161690910461126, 0.005421075549027588, 0.03554479142224825, 0.023245110467432564, 0.018322622552190727, 0.02055680613184923, 0.024600978577666886, 0.05014181488003627, 0.0, 0.03153731392820419, 0.0, 0.02956541702285778, 0.0, 0.06067809865707545, 0.012035064551465795, 0.0, 0.011389751286384, 0.002045358480008557, 0.022967268428370536, 0.023138583960903698, 0.030561349675104363, 0.03741897968994647, 0.07386875107297342, 0.04717845611425484, 0.0, 0.033899085684805735, 0.043816214766614146, 0.0, 0.016289109846696653, 0.02224071517670004, 0.04141982629258779, 0.01152218803811788, 0.015149352678145905, 0.010158516415168349, 0.027792052873525833, 0.041026852104568995, 0.0, 0.024263624514997327, 0.01044898624937236, 0.02861055112193855, 0.02703452136408663, 0.010764495201814167, 0.007391188177350532, 0.04375459297769181, 0.008038843157355615], -0.0022123946074618095)
(seed, dimension) = (6, 90)
Away FW: false

Away FW: false

(x, f(x)) = ([0.0, 0.0, 0.0, 0.0, 0.0, 0.0, 0.0, 0.0, 0.0, 0.0, 0.0, 0.0, 0.0, 0.0, 0.0, 0.0, 0.0, 0.0, 0.0, 0.0, 0.0, 0.0, 0.0, 0.0, 0.0, 0.0, 0.0, 0.0, 0.0, 0.0, 0.0, 0.0, 0.0, 0.0, 0.0, 0.0, 0.0, 0.0, 0.0, 0.0, 0.0, 0.0, 0.0, 0.0, 0.0, 0.06752338993158002, 0.025770312674656622, 0.0, 0.0, 0.05409297442688386, 0.01561915358590316, 0.01631103529383721, 0.018596819597110365, 0.03396420045045073, 0.022619646265050135, 0.01943533214337294, 0.022760313093364046, 0.021795512276492013, 0.05304479191486166, 0.012764696085713666, 0.014583606023442715, 0.0, 0.0, 0.03012066433223005, 0.030590733182832352, 0.0, 0.012615129517788145, 0.027781842174320368, 0.02706779516526773, 0.03608508864875709, 0.028358161071181057, 0.0395947199172761, 0.05456664686473315, 0.02477912665402124, 0.0, 0.016735000527796196, 0.017142376816071704, 0.0036515147478978324, 0.046152617856053915, 0.05262031786337168, 0.009838078215090633, 0.0, 0.04970580204271377, 0.0, 0.003091158623139017, 0.0, 0.0, 0.037693440358138014, 0.013270989967502604, 0.03965701169109818], -0.15111613011275665)
(seed, dimension) = (7, 90)
Away FW: false

Away FW: false

(x, f(x)) = ([0.0, 0.0, 0.0, 0.0, 0.0, 0.0, 0.0, 0.0, 0.0, 0.0, 1.0, 0.0, 0.0, 0.0, 0.0, 0.0, 0.0, 0.0, 0.0, 0.0, 0.0, 0.0, 0.0, 0.0, 0.0, 0.0, 0.0, 0.0, 0.0, 0.0, 0.0, 0.0, 0.0, 0.0, 0.0, 0.0, 0.0, 0.0, 0.0, 0.0, 0.0, 0.0, 0.0, 0.0, 0.0, 0.28010118678307716, 0.23884154228203724, 0.16948438576262767, 0.2421226794070291, 0.04570899411843276, 0.2369112587988505, 0.3001228200694624, 0.01194091092326924, 0.27959369326021744, 0.2582405152182064, 0.14480983427502217, 0.34654820981881185, 0.0, 0.0, 0.22559954600488977, 0.1006916282918254, 0.2197530363447511, 0.08825112218624921, 0.12824341278326937, 0.05704323215756145, 0.0, 0.0, 0.0, 0.05481026852240843, 0.02966952748269555, 0.13549967139438276, 0.12091793454683596, 0.0, 0.30589743929735425, 0.23614669194643917, 0.0, 0.0, 0.004702020148969436, 0.08115229247518431, 0.05533073593002745, 0.2933500300948644, 0.2042996923025259, 0.0, 0.39579528404287484, 0.002556700034233065, 0.0, 0.05418383465487037, 0.008489126468257452, 0.0, 0.0], 0.06058912628659119)
(seed, dimension) = (8, 90)
Away FW: false

Away FW: false

(x, f(x)) = ([0.0, 0.0, 0.0, 0.0, 0.0, 0.0, 0.0, 0.0, 0.0, 0.0, 0.0, 0.0, 0.0, 0.0, 0.0, 0.0, 0.0, 0.0, 0.0, 0.0, 0.0, 0.0, 0.0, 0.0, 0.0, 0.0, 0.0, 0.0, 0.0, 0.0, 0.0, 0.0, 0.0, 0.0, 0.0, 0.0, 0.0, 0.0, 0.0, 0.0, 0.0, 0.0, 0.0, 0.0, 0.0, 0.05901143347794359, 0.08187405238687574, 0.029840540290159187, 0.04670745602034388, 0.11589868129833608, 0.02357405070432412, 0.04245734325609145, 0.0014377913517894972, 0.1069505765834677, 0.014113387342734582, 0.08519229386457236, 0.0, 0.09033579164963587, 0.0, 0.07299123016143123, 0.10741822777422509, 0.05280031330192995, 0.043059612695910625, 0.061053576155051574, 0.06083982846516492, 0.059455370684312434, 0.03833401947969446, 0.04907340568534532, 0.06264983267046445, 0.035018328273188536, 0.05983025033735693, 0.0, 0.03221483801512961, 0.0, 0.05027393723194333, 0.06858502646600784, 0.003029206219799147, 0.0, 0.130512557943064, 0.09158486116691027, 0.0, 0.047898120852925274, 0.07056295083089169, 0.018165899022834237, 0.008363697428275998, 0.009528122427445149, 0.0, 0.05189128792454785, 0.06719566013276755, 0.02636284651284641], -0.6557645753708167)
(seed, dimension) = (9, 90)
Away FW: false

Away FW: false

(x, f(x)) = ([0.0, 0.0, 0.0, 0.0, 0.0, 0.0, 0.0, 0.0, 0.0, 0.0, 0.0, 0.0, 0.0, 0.0, 0.0, 0.0, 0.0, 0.0, 0.0, 0.0, 0.0, 0.0, 0.0, 0.0, 0.0, 0.0, 0.0, 0.0, 0.0, 0.0, 0.0, 0.0, 0.0, 0.0, 0.0, 0.0, 0.0, 0.0, 0.0, 0.0, 0.0, 0.0, 0.0, 0.0, 0.0, 0.09581028806118266, 0.0416047745382086, 0.19973699902242983, 0.0, 0.01607282678183522, 0.05789644450200851, 0.0, 0.1233188319966847, 0.17823515090099518, 0.04618148268279085, 0.0, 0.09430272028952245, 0.06041560813295127, 0.018990327651662597, 0.1584252747059853, 0.034875712132706765, 0.12088348999913819, 0.0, 0.028054760328944526, 0.06657800523379354, 0.185328191867969, 0.013069333782012216, 0.11278141202138167, 0.0, 0.07126993104675591, 0.0, 0.04250609954102148, 0.005343553519758663, 0.20813922924061898, 0.13242683923382936, 0.0, 0.14215807043799805, 0.10863890392631241, 0.08063976230187389, 0.0, 0.02425879611497215, 0.1079594566777843, 0.19921405996927766, 0.0459729429233516, 0.0245558977374143, 0.1350627657326538, 0.0, 0.09491095221428418, 0.28211228136701233, 0.00821750204760158], -0.9583683447001528)
(seed, dimension) = (10, 90)
Away FW: false

Away FW: false

(x, f(x)) = ([0.0, 0.0, 0.0, 0.0, 0.0, 0.0, 0.0, 0.0, 0.0, 0.0, 0.0, 0.0, 0.0, 0.0, 0.0, 0.0, 0.0, 0.0, 0.0, 0.0, 0.0, 0.0, 0.0, 0.0, 0.0, 0.0, 0.0, 0.0, 0.0, 0.0, 0.0, 0.0, 0.0, 0.0, 0.0, 0.0, 0.0, 0.0, 0.0, 0.0, 0.0, 0.0, 0.0, 0.0, 0.0, 0.024760298491151023, 0.0, 0.06361964573616893, 0.0, 0.0043508121717121115, 0.04539082261298404, 0.0033321554275291083, 0.0, 0.028633796546022744, 0.015472248420666163, 0.01642929488540933, 0.032261948580166545, 0.005867809546705229, 0.05398461394145556, 0.0, 0.004727906009927121, 0.025840972054501067, 0.0024757839021558228, 0.0, 0.013182217466712685, 0.029234868754480947, 0.0550986026798048, 0.047764280459165726, 0.020479341829386374, 0.0012237029409848975, 0.0, 0.06706628623379172, 0.03357501571639293, 0.02564144215757297, 0.030998530287599222, 0.04106201481860009, 0.035698368875266326, 0.037583658217469416, 0.0, 0.03793716337864651, 0.0, 0.021910352653161148, 0.0006637056292757263, 0.0, 0.017405691640047186, 0.010333420009051299, 0.03564562784719482, 0.01997580556740612, 0.04704503449387326, 0.0433267600175609], 0.07820106080812628)
(seed, dimension) = (1, 95)
Away FW: false

Away FW: false

(x, f(x)) = ([0.0, 0.0, 0.0, 0.0, 0.0, 0.0, 0.0, 0.0, 0.0, 0.0, 0.0, 0.0, 0.0, 0.0, 0.0, 0.0, 0.0, 0.0, 0.0, 0.0, 0.0, 0.0, 0.0, 0.0, 0.0, 0.0, 0.0, 0.0, 0.0, 0.0, 0.0, 0.0, 0.0, 0.0, 0.0, 0.0, 0.0, 0.0, 0.0, 0.0, 0.0, 0.0, 0.0, 0.0, 0.0, 0.0, 0.0, 0.007421694628451228, 0.0, 0.06429450072487602, 0.0, 0.053600910545888836, 0.0, 0.031541734856318504, 0.0, 0.04469219649620934, 0.017628346437846998, 0.0, 0.020578635891251754, 0.026759900256432236, 0.04164850779504656, 0.054118559668069985, 0.048313898119847896, 0.03694549030980933, 0.06537397067809175, 0.06423032381711022, 0.0021085353018804893, 0.0, 0.07463771773975299, 0.026814002605942598, 0.026051515052609105, 0.0, 0.0, 0.014721441406183302, 0.02794884822217429, 0.0039683533028296155, 0.0, 0.06628249300177065, 0.021654663767205238, 0.02373433237180193, 0.02218017982515543, 0.060360407061625335, 0.020628540793956898, 0.019493908207998574, 0.022205689849664086, 0.0129219904348329, 0.03407567373350257, 0.0734049540133283, 0.014414226172713651, 0.02233078684571238, 0.0, 0.024644414938557225, 0.05834319741993955, 0.03566162243086223, 0.06378596075324716], -0.253893652972652)
(seed, dimension) = (2, 95)
Away FW: false

Away FW: false

(x, f(x)) = ([0.0, 0.0, 0.0, 0.0, 0.0, 0.0, 0.0, 0.0, 0.0, 0.0, 0.0, 0.0, 0.0, 0.0, 0.0, 0.0, 0.0, 0.0, 0.0, 0.0, 0.0, 0.0, 0.0, 0.0, 0.0, 0.0, 0.0, 0.0, 0.0, 0.0, 0.0, 0.0, 0.0, 0.0, 0.0, 0.0, 0.0, 0.0, 0.0, 0.0, 0.0, 0.0, 0.0, 0.0, 0.0, 0.0, 0.0, 0.08222997056081863, 0.06281283650318292, 0.03189080882017841, 0.0032987584758346674, 0.028899967477305687, 0.0, 0.004348449113064963, 0.05923993496450277, 0.07156441956223168, 0.0401817818496736, 0.0, 0.059336354327149204, 0.011123606205696343, 0.028332080057389946, 0.0, 0.0, 0.0, 0.02143709925350517, 0.010606279822678989, 0.0, 0.0, 0.04491213348535273, 0.038646532319589706, 0.0, 0.07488143287105122, 0.0, 0.028273705029552648, 0.042927749725800164, 0.06489134495202445, 0.0, 0.014246027075560762, 0.08648624506898715, 0.018444102859493553, 0.06353345932867153, 0.0125052923046697, 0.026648651791854005, 0.05199727837078168, 0.030450880612715635, 0.08198839314649407, 0.033056763671596136, 0.1012949943370137, 0.027496665213126978, 0.02724928321243575, 0.0, 0.04434771715159053, 0.03265599594439646, 0.029584879697279944, 0.07428683562415733], -0.5017001272506924)
(seed, dimension) = (3, 95)
Away FW: false

Away FW: false

(x, f(x)) = ([0.0, 0.0, 0.0, 0.0, 0.0, 0.0, 0.0, 0.0, 0.0, 0.0, 0.0, 0.0, 0.0, 0.0, 0.0, 0.0, 0.0, 0.0, 0.0, 0.0, 0.0, 0.0, 0.0, 0.0, 0.0, 0.0, 0.0, 0.0, 0.0, 0.0, 0.0, 0.0, 0.0, 0.0, 0.0, 0.0, 0.0, 0.0, 0.0, 0.0, 0.0, 0.0, 0.0, 0.0, 0.0, 0.0, 0.0, 0.031160069659578314, 0.03100293085191755, 0.0, 0.027983030395733292, 0.04270180433917987, 0.01323629290315325, 0.007617193106883342, 0.004436686119334599, 0.00035284550792363795, 0.017893198906863916, 0.02375498081483123, 0.011079123764210762, 0.05905749708736658, 0.0004728643010991794, 0.042012000071904386, 0.043485015425984916, 0.01585853896004416, 0.0, 0.024102536651389315, 0.0, 0.02390781843638866, 0.015678686016889817, 0.021215139550572592, 0.009169258622057714, 0.0, 0.06354682178887562, 0.0, 0.06011812837984511, 0.01985644184472204, 0.04177466405156362, 0.0592388253672608, 0.0, 0.0040939311006822215, 0.014002192462302946, 0.009306649587840065, 0.016160093880655632, 0.018907968390710635, 0.0, 0.026928968701495415, 0.03359534183978924, 0.01495418102229582, 0.055826995561091206, 0.0, 0.0, 0.025308266574404662, 0.025953151528193965, 0.044249866424963896, 0.0], -0.2595108070331886)
(seed, dimension) = (4, 95)
Away FW: false

Away FW: false

(x, f(x)) = ([0.0, 0.0, 0.0, 0.0, 0.0, 0.0, 0.0, 0.0, 0.0, 0.0, 0.0, 0.0, 0.0, 0.0, 0.0, 0.0, 0.0, 0.0, 0.0, 0.0, 0.0, 0.0, 0.0, 0.0, 0.0, 1.0, 0.0, 0.0, 0.0, 0.0, 0.0, 0.0, 0.0, 0.0, 0.0, 0.0, 0.0, 0.0, 0.0, 0.0, 0.0, 0.0, 0.0, 0.0, 0.0, 0.0, 0.0, 0.06957236594839275, 0.1802837379037854, 0.3182062795532337, 0.1647623375612741, 0.24680851998164985, 0.27122251535274083, 0.14948736977135899, 0.22707328963964435, 0.04695735264608289, 0.09925224609810376, 0.0, 0.08080004852703851, 0.22117258900825695, 0.0653955409315138, 0.014791288453961103, 0.0, 0.019260281870378173, 0.0609088697354973, 0.015959808911022468, 0.0, 0.09596437809487378, 0.0, 0.0, 0.0, 0.2350235762897321, 0.07905753870094877, 0.18139891754574766, 0.0, 0.35371409140316734, 0.28278117446654527, 0.03784800394792378, 0.0, 0.1545573217893892, 0.23055445672821073, 0.12154772366090946, 0.2824817079084577, 0.2842256156458301, 0.0, 0.03910358390800891, 0.17935503238640632, 0.0, 0.0, 0.08372182755742613, 0.34713027714174594, 0.24276901403503914, 0.0, 0.10364094968099664, 0.0], 0.07702997408247647)
(seed, dimension) = (5, 95)
Away FW: false

Away FW: false

(x, f(x)) = ([0.0, 0.0, 0.0, 1.0, 0.0, 0.0, 0.0, 0.0, 0.0, 0.0, 0.0, 0.0, 0.0, 0.0, 0.0, 0.0, 0.0, 0.0, 0.0, 0.0, 0.0, 0.0, 0.0, 0.0, 0.0, 0.0, 0.0, 0.0, 0.0, 0.0, 0.0, 0.0, 0.0, 0.0, 0.0, 0.0, 0.0, 0.0, 0.0, 0.0, 0.0, 0.0, 0.0, 0.0, 0.0, 0.0, 0.0, 0.1626107388397221, 0.2687277207045965, 0.2868560792805568, 0.28568351763689614, 0.0, 0.056979079578695024, 0.0, 0.050448688433149466, 0.0, 0.07383784929998348, 0.0, 0.0, 0.0, 0.12839787635167685, 0.285710123853805, 0.18018133076468187, 0.0, 0.2634133206239121, 0.24951846357536975, 0.4909072356210904, 0.20650856864562006, 0.08548406581225534, 0.06606725515335601, 0.0, 0.07014032756946162, 0.0, 0.18343725821423498, 0.23253825263037867, 0.32423940659616823, 0.2592775607872316, 0.0, 0.2808132015344477, 0.02492533273953164, 0.2897101828511504, 0.1665690041360145, 0.0065509453334162155, 0.1745252500442072, 0.28272961828788734, 0.2025831194922262, 0.0, 0.009667222364079577, 0.24127188880318132, 0.0, 0.031167456139372874, 0.14456241624196892, 0.008023379397359321, 0.49285219183694806, 0.02268961817458883], -1.7483347879600268)
(seed, dimension) = (6, 95)
Away FW: false

Away FW: false

(x, f(x)) = ([0.0, 0.0, 0.0, 0.0, 0.0, 1.0, 0.0, 0.0, 0.0, 0.0, 0.0, 0.0, 0.0, 0.0, 0.0, 0.0, 0.0, 0.0, 0.0, 0.0, 0.0, 0.0, 0.0, 0.0, 0.0, 0.0, 0.0, 0.0, 0.0, 0.0, 0.0, 0.0, 0.0, 0.0, 0.0, 0.0, 0.0, 0.0, 0.0, 0.0, 0.0, 0.0, 0.0, 0.0, 0.0, 0.0, 0.0, 0.0, 0.11293323207675979, 0.0, 0.0, 0.18431217008787576, 0.0, 0.0, 0.0, 0.15483417906733807, 0.16826939353359596, 0.0, 0.035967494731978585, 0.0, 0.1113019659591008, 0.2222218757587416, 0.10604910533538185, 0.0, 0.2090023852540786, 0.10176501838202485, 0.1940031527455624, 0.1205499374473387, 0.049472116009112256, 0.0, 0.0, 0.030671100580424118, 0.1608796735919369, 0.0011344925354443175, 0.058613751994399096, 0.0, 0.2020331974329808, 0.1876658653013941, 0.0, 0.0, 0.0, 0.21656217939427275, 0.20608366130069591, 0.0, 0.0, 0.13860704797010348, 0.0, 0.09371413478552106, 0.0, 0.0, 0.0, 0.018822258831966285, 0.0, 0.14744353981757788, 0.0592037381652466], 7.596779402053268)
(seed, dimension) = (7, 95)
Away FW: false

Away FW: false

(x, f(x)) = ([0.0, 0.0, 0.0, 0.0, 0.0, 0.0, 0.0, 0.0, 0.0, 0.0, 0.0, 0.0, 0.0, 0.0, 0.0, 0.0, 0.0, 0.0, 0.0, 0.0, 0.0, 0.0, 0.0, 0.0, 0.0, 0.0, 0.0, 0.0, 0.0, 0.0, 0.0, 0.0, 0.0, 0.0, 0.0, 0.0, 0.0, 0.0, 0.0, 0.0, 0.0, 0.0, 0.0, 0.0, 0.0, 0.0, 0.0, 0.002993570589480501, 0.034615342947432445, 0.0, 0.010885265041489296, 0.033477210976086594, 0.011861781389191276, 0.026232191415618406, 0.0, 0.03716772147632734, 0.018346020200406772, 0.022058603016191666, 0.024073223478950034, 0.017278173856150412, 0.03735118150141643, 0.0005702495762989663, 0.03255530291671687, 0.04090978317478838, 0.0013040575160106586, 0.011415002160419399, 0.0, 0.03404158995091614, 0.005580527579267427, 0.025561802611489323, 0.03852626978839976, 0.016332025999060945, 0.0, 0.02344215196179148, 0.05083623598839991, 0.005487237567099367, 0.005087284093935144, 0.05211467779702401, 0.047027291846898085, 0.04001422885824408, 0.0027822236086306766, 0.03134257461243321, 0.030300931834445214, 0.014039937177273696, 0.021557505104137762, 0.015724033561669834, 0.021135822807125924, 0.023941590299033977, 0.0, 0.0012660185963646203, 0.030135611357603332, 0.019138872509275314, 0.049638357381718255, 0.0, 0.031850515874787357], 0.07408483828940138)
(seed, dimension) = (8, 95)
Away FW: false

Away FW: false

(x, f(x)) = ([0.0, 0.0, 0.0, 0.0, 0.0, 0.0, 0.0, 0.0, 0.0, 0.0, 0.0, 0.0, 0.0, 0.0, 0.0, 0.0, 0.0, 0.0, 0.0, 0.0, 0.0, 0.0, 0.0, 0.0, 0.0, 0.0, 0.0, 0.0, 0.0, 0.0, 0.0, 0.0, 0.0, 0.0, 0.0, 0.0, 0.0, 0.0, 0.0, 0.0, 0.0, 0.0, 0.0, 0.0, 0.0, 0.0, 0.0, 0.03593749912006657, 0.16598431526738172, 0.0, 0.19084174050343702, 0.09670769325258052, 0.0, 0.0825860872250528, 0.002988803152693933, 0.20423881810496375, 0.0, 0.1702649789173075, 0.04199149473161494, 0.14431226651796922, 0.09567184120413874, 0.0411222932378707, 0.08395414964739065, 0.05844082840776768, 0.02078157818819214, 0.041413849979557084, 0.10218434219172746, 0.0, 0.08327559486426821, 0.0, 0.0, 0.13373177765905642, 0.0, 0.07816229792170538, 0.2037768079145926, 0.13034922118974007, 0.09484132068558473, 0.08706634842566295, 0.02770757696482845, 0.03785274296704321, 0.04338815887210347, 0.0823101121441406, 0.0, 0.08121238287247136, 0.06750755270132423, 0.0727832006126755, 0.008633666982671878, 0.04661838008761998, 0.0, 0.12037817974002275, 0.01600788897450489, 0.11235913464362504, 0.11211281943808243, 0.02208824784235207, 0.08117702718884887], -1.0585755101987775)
(seed, dimension) = (9, 95)
Away FW: false

Away FW: false

(x, f(x)) = ([0.0, 0.0, 0.0, 0.0, 0.0, 0.0, 0.0, 0.0, 0.0, 0.0, 0.0, 0.0, 0.0, 0.0, 0.0, 0.0, 0.0, 0.0, 0.0, 0.0, 0.0, 0.0, 0.0, 0.0, 0.0, 0.0, 0.0, 0.0, 0.0, 0.0, 0.0, 0.0, 0.0, 0.0, 0.0, 0.0, 0.0, 0.0, 0.0, 0.0, 0.0, 0.0, 0.0, 0.0, 0.0, 0.0, 0.0, 0.0, 0.038923863836545204, 0.01124659385134834, 0.026477857289836388, 0.014728696081524795, 0.0, 0.03513081339349903, 0.0, 0.0, 0.007057028321121536, 0.017115905442288876, 0.023348487774072498, 0.019763218319298538, 0.0035840198643514124, 0.057526028849866274, 0.0, 0.008878518576891809, 0.0, 0.03634466782809727, 0.01476843988412298, 0.012622763727928062, 0.02624235691014728, 0.032478087664803944, 0.03434331017588538, 0.04279036405686273, 0.0, 0.008896380322526296, 0.03144041730496421, 0.02394049811070548, 0.029776450537619365, 0.0, 0.004179114444715257, 0.045633702470197046, 0.028588029149932373, 0.04101471672809312, 0.04790258762324332, 0.015179049335910053, 0.029442092487659274, 0.05032433868691532, 0.0013178609449428962, 0.03595568464440783, 0.06572179265752622, 0.0, 0.020350265435329043, 0.02698515724363438, 0.02177152391452445, 0.0037503136716922356, 0.004459002436969708], -0.3012823035851583)
(seed, dimension) = (10, 95)
Away FW: false

Away FW: false

(x, f(x)) = ([0.0, 0.0, 0.0, 0.0, 0.0, 0.0, 0.0, 0.0, 0.0, 0.0, 0.0, 0.0, 0.0, 0.0, 0.0, 0.0, 0.0, 0.0, 0.0, 0.0, 0.0, 0.0, 0.0, 0.0, 0.0, 0.0, 0.0, 0.0, 0.0, 0.0, 0.0, 0.0, 0.0, 0.0, 0.0, 0.0, 0.0, 0.0, 0.0, 0.0, 0.0, 0.0, 0.0, 0.0, 0.0, 0.0, 0.0, 0.050448138075666525, 0.0020658844335053788, 0.01986852471689704, 0.0, 0.04462278003594522, 0.0, 0.0064981993977208845, 0.0036813307310545247, 0.020750486071530405, 0.01079342141591856, 0.025399111153972913, 0.0088702465075847, 0.0, 0.0, 0.0, 0.0, 0.011510535576981512, 0.025850513478754958, 0.02978436408453581, 0.04092518838562104, 0.0021235463236176032, 0.03999648761050073, 0.008356130702577463, 0.058329902347585304, 0.00892266441858545, 0.02542437343334484, 0.06355314237255025, 0.04411486617089232, 0.0, 0.05799520157640954, 0.04726186678643064, 0.0, 0.022648739605504765, 0.0026245335569823683, 0.0, 0.019963596330618262, 0.0, 0.014141532544629335, 0.0279284200752098, 0.03996964943945023, 0.012574536053390442, 0.03649877170737036, 0.03662052237369747, 0.07578652895782799, 0.010199384681443185, 0.04389687886569219, 0.0, 0.0], -0.3063933556779136)
(seed, dimension) = (1, 100)
Away FW: false

Away FW: false

(x, f(x)) = ([0.0, 0.0, 0.0, 0.0, 0.0, 0.0, 0.0, 0.0, 0.0, 0.0, 0.0, 0.0, 0.0, 0.0, 0.0, 0.0, 0.0, 0.0, 0.0, 0.0, 0.0, 0.0, 0.0, 0.0, 0.0, 0.0, 0.0, 0.0, 0.0, 0.0, 0.0, 0.0, 0.0, 0.0, 0.0, 0.0, 0.0, 0.0, 0.0, 0.0, 0.0, 0.0, 0.0, 0.0, 0.0, 0.0, 0.0, 0.0, 0.0, 0.0, 0.02256517575775449, 0.006898641612527421, 0.0, 0.03933103391020258, 0.01552762687314796, 0.008519680961817003, 0.0, 0.0065376191086746315, 0.034457950659916706, 0.0, 0.010659419167858298, 0.06151214880346287, 0.022864370081407216, 0.006258969617527773, 0.023466017265003955, 0.0, 0.0, 0.0, 0.02742630513411444, 0.006518638430662734, 0.014817012688298471, 0.009278244452935014, 0.013178442817909704, 0.019064754909969294, 0.04525159884317392, 0.02152982368482319, 0.01653319989155314, 0.03099292490609537, 0.019169373568005937, 0.01718109064809183, 0.01243982356422526, 0.06244182117741679, 0.06801400214812783, 0.027183177272204467, 0.02656135865812956, 0.05011764612481274, 0.01377474016551817, 0.030828109471593826, 0.02568513209956358, 0.026037682102290224, 0.025712295847234203, 0.0, 0.0003686298009834384, 0.00947528721026137, 0.018564684292121207, 0.02406324598807989, 0.011312088038012784, 0.019654109635478645, 0.03620181189806153, 0.012024290710950698], -0.23753205523539161)
(seed, dimension) = (2, 100)
Away FW: false

Away FW: false

(x, f(x)) = ([1.0, 0.0, 0.0, 0.0, 0.0, 0.0, 0.0, 0.0, 0.0, 0.0, 0.0, 0.0, 0.0, 0.0, 0.0, 0.0, 0.0, 0.0, 0.0, 0.0, 0.0, 0.0, 0.0, 0.0, 0.0, 0.0, 0.0, 0.0, 0.0, 0.0, 0.0, 0.0, 0.0, 0.0, 0.0, 0.0, 0.0, 0.0, 0.0, 0.0, 0.0, 0.0, 0.0, 0.0, 0.0, 0.0, 0.0, 0.0, 0.0, 0.0, 0.013698658039666405, 0.09367490517155712, 0.0, 0.013832688586256978, 0.0, 0.09332188430724016, 0.1940545224035442, 0.0, 0.0, 0.09085201254155778, 0.12582048548292718, 0.0, 0.0, 0.0, 0.06953671974596867, 0.0, 0.2673277230517618, 0.007599097218869019, 0.12045523197663283, 0.16890554670265978, 0.0926581937069162, 0.31128007734839996, 0.0, 0.19434867430451877, 0.24101757623744177, 0.09109493648451963, 0.0, 0.09696824536085616, 0.0, 0.0, 0.23216743458577618, 0.18284559914188261, 0.04207350649905175, 0.16741205851324217, 0.006398339058340157, 0.0, 0.0, 0.0, 0.036796293322626246, 0.07890184487402314, 0.11228905524337167, 0.0, 0.037994424376067676, 0.017372879165111262, 0.05405079964667083, 0.0104074197400026, 0.27124313070690476, 0.23292754087925613, 0.0, 0.0], 3.421755966079582)
(seed, dimension) = (3, 100)
Away FW: false

Away FW: false

(x, f(x)) = ([0.0, 0.0, 0.0, 0.0, 0.0, 0.0, 0.0, 0.0, 0.0, 0.0, 0.0, 0.0, 0.0, 0.0, 0.0, 0.0, 0.0, 0.0, 0.0, 0.0, 0.0, 0.0, 0.0, 0.0, 0.0, 1.0, 0.0, 0.0, 0.0, 0.0, 0.0, 0.0, 0.0, 0.0, 0.0, 0.0, 0.0, 0.0, 0.0, 0.0, 0.0, 0.0, 0.0, 0.0, 0.0, 0.0, 0.0, 0.0, 0.0, 0.0, 0.051565938373648514, 0.0, 0.1240513755795638, 0.10358725734931272, 0.0, 0.0, 0.0, 0.011964867922798208, 0.0, 0.3058778020209962, 0.09439642365109915, 0.3734828951711041, 0.25649707671661, 0.03417005625362628, 0.07053554825880341, 0.1661514103646593, 0.05681950662386904, 0.04877080984417667, 0.01411207858459247, 0.0824975209977519, 0.0, 0.08310718281635454, 0.0, 0.12029263036313682, 0.0, 0.09080305688060547, 0.040323576528294616, 0.06481998271954238, 0.0, 0.0, 0.10000903117029386, 0.0, 0.006570686567126685, 0.001932304155944624, 0.11230588277810477, 0.0, 0.0, 0.0, 0.0, 0.13731009319689658, 0.04222641889472869, 0.0, 0.2451339480602205, 0.0, 0.0875410115091091, 0.0, 0.03328786408361948, 0.18131767888999353, 0.11143489816508094, 0.0], 20.659483438716162)
(seed, dimension) = (4, 100)
Away FW: false

Away FW: false

(x, f(x)) = ([0.0, 0.0, 0.0, 0.0, 0.0, 0.0, 0.0, 0.0, 0.0, 0.0, 0.0, 0.0, 0.0, 0.0, 0.0, 0.0, 0.0, 0.0, 0.0, 0.0, 0.0, 0.0, 0.0, 0.0, 0.0, 0.0, 0.0, 0.0, 0.0, 0.0, 0.0, 0.0, 0.0, 0.0, 0.0, 0.0, 0.0, 0.0, 0.0, 0.0, 1.0, 0.0, 0.0, 0.0, 0.0, 0.0, 0.0, 0.0, 0.0, 0.0, 0.22738948243400461, 0.3037243704147491, 0.6833804196476987, 0.7664626390611201, 0.7618992747500766, 0.4779179999509027, 0.7085252584972401, 0.04530495975960657, 0.0, 0.04255488090072655, 0.5994309124257688, 0.21560910241727343, 0.24777683446330823, 0.6532445277755742, 0.8015365167499523, 0.0, 0.07445659237849969, 0.0, 0.26843604787518666, 0.30324298425984686, 0.0, 0.4844121194945332, 0.02257516556539979, 0.26172341633833407, 0.9029722710142293, 0.6688455917746962, 0.0, 0.0, 0.4717734349644122, 0.0, 0.3303813374155442, 0.43181793697003423, 0.31893967318925653, 0.12689837712810653, 0.0, 0.0, 0.09407831352545244, 0.2845927585527342, 0.0, 0.344171977034388, 1.0858267061634264, 0.19550680755818595, 0.7454925928237408, 0.2356943603827113, 0.0785131077153129, 0.3920181998799843, 0.061287161098471994, 0.0, 0.0, 0.40341319105318796], -4.838420568445942)
(seed, dimension) = (5, 100)
Away FW: false

Away FW: false

(x, f(x)) = ([0.0, 0.0, 0.0, 0.0, 0.0, 0.0, 0.0, 0.0, 0.0, 0.0, 0.0, 0.0, 0.0, 0.0, 0.0, 0.0, 0.0, 0.0, 0.0, 0.0, 0.0, 0.0, 0.0, 0.0, 0.0, 0.0, 0.0, 0.0, 0.0, 0.0, 0.0, 0.0, 0.0, 0.0, 0.0, 0.0, 0.0, 0.0, 0.0, 0.0, 0.0, 0.0, 0.0, 0.0, 0.0, 0.0, 0.0, 0.0, 0.0, 0.0, 0.0, 0.0, 0.06157944967666209, 0.0, 0.020804859986217963, 0.0, 0.024258247887254974, 0.021702585561677527, 0.0, 0.0, 0.02664371897595193, 0.04091953967186302, 0.03371440004880383, 0.005361886941465687, 0.04411586800794952, 0.010444632868779863, 0.0, 0.05568217966024867, 0.02222552007884133, 0.010416473175640283, 0.05285838542245606, 0.04898652696023728, 0.05197988442268204, 0.0, 0.0, 0.0, 0.030033993583079257, 0.04918386097480203, 0.035688742368754627, 0.031434384299926524, 0.04709766629601007, 0.028291665256565394, 0.016760202382945934, 0.046163257870080875, 0.03001580518225819, 0.019803550764704542, 0.02358091987599906, 0.010419082129309505, 0.026079754768698303, 0.017544957743546395, 0.0, 0.061742729317953764, 0.0, 0.03756328755870362, 0.00962636180692555, 0.02306796613992492, 0.02225196305399514, 0.04939316642619218, 0.013509780368417875, 0.04273053980807378], -0.21447677644458663)
(seed, dimension) = (6, 100)
Away FW: false

Away FW: false

(x, f(x)) = ([0.0, 0.0, 0.0, 0.0, 0.0, 0.0, 0.0, 0.0, 0.0, 0.0, 0.0, 0.0, 0.0, 0.0, 0.0, 0.0, 0.0, 0.0, 0.0, 0.0, 0.0, 0.0, 0.0, 0.0, 0.0, 0.0, 0.0, 0.0, 0.0, 0.0, 0.0, 0.0, 0.0, 0.0, 0.0, 0.0, 0.0, 0.0, 0.0, 0.0, 0.0, 0.0, 0.0, 0.0, 0.0, 0.0, 0.0, 0.0, 0.0, 0.0, 0.0030191146216014624, 0.042635712493439906, 0.005389297407695161, 0.03424103147979499, 0.06465435624846261, 0.012943784018046483, 0.0044825969803783975, 0.04033201392319057, 0.0, 0.03039587391236743, 0.024098527256058322, 0.0, 0.036560166672840906, 0.015179451403473826, 0.01454475271258679, 0.021609601982438446, 0.0, 0.013780999453257987, 0.019665538346464978, 0.022221017953650245, 0.028389628007525418, 0.0, 0.017542212963366666, 0.0157944525870894, 0.017034800267848448, 0.010425663510673904, 0.0, 0.020622555385371062, 0.018694452482695287, 0.04612372723999508, 0.0, 0.0, 0.05067307361857024, 0.022809948124275663, 0.004088526271857548, 0.0, 0.0681522699703805, 0.036158480486411314, 0.015314799057877297, 0.01003692567283286, 0.01276776574795706, 0.037439987060041396, 0.022801851515682703, 0.014282673392705496, 0.015375884512794464, 0.0, 0.03565687715456292, 0.06294456541252834, 0.011115042691208514, 0.0], -0.016303493430728677)
(seed, dimension) = (7, 100)
Away FW: false

Away FW: false

(x, f(x)) = ([0.0, 0.0, 0.0, 0.0, 0.0, 0.0, 0.0, 0.0, 0.0, 0.0, 0.0, 0.0, 0.0, 0.0, 0.0, 0.0, 0.0, 0.0, 0.0, 0.0, 0.0, 0.0, 0.0, 0.0, 0.0, 0.0, 0.0, 0.0, 0.0, 0.0, 0.0, 0.0, 0.0, 0.0, 0.0, 0.0, 0.0, 0.0, 0.0, 0.0, 0.0, 0.0, 0.0, 0.0, 0.0, 0.0, 0.0, 0.0, 0.0, 0.0, 0.04211819858791258, 0.0, 0.0045220094006464175, 0.0, 0.03232066373000107, 0.02949394997024026, 0.039869774180478754, 0.0, 0.03958249582346697, 0.03003353891468334, 0.01005183186560028, 0.04931435471513057, 0.0, 0.034595969578406806, 0.02044866420379653, 0.020992940418012373, 0.03505377394437056, 0.004972481140246326, 0.015684206419212875, 0.024791555401335107, 0.0, 0.012025934840975474, 0.020362475288714977, 0.025170455995283926, 0.03269918921769372, 0.02256254761745953, 0.0, 0.028840912199368036, 0.005496376838152043, 0.009860173907380317, 0.029409727418810875, 0.03334457458588155, 0.021999764931956906, 0.03738826851085197, 0.02410026311982004, 0.0, 0.001363811879626503, 0.003619554798873947, 0.01285824651697774, 0.0, 0.0379010696428572, 0.0071289057293011755, 0.009755532192703772, 0.02378476244182379, 0.04878922519784281, 0.026654906903485417, 0.046178938368145475, 0.03338746315329587, 0.025519385589550313, 0.021247508638501895], -0.20816956939199144)
(seed, dimension) = (8, 100)
Away FW: false

Away FW: false

(x, f(x)) = ([0.0, 0.0, 0.0, 0.0, 0.0, 0.0, 0.0, 0.0, 0.0, 0.0, 0.0, 0.0, 0.0, 0.0, 0.0, 0.0, 0.0, 0.0, 0.0, 0.0, 0.0, 0.0, 0.0, 0.0, 0.0, 0.0, 0.0, 0.0, 0.0, 0.0, 0.0, 0.0, 0.0, 0.0, 0.0, 0.0, 0.0, 0.0, 0.0, 0.0, 0.0, 0.0, 0.0, 0.0, 0.0, 0.0, 0.0, 0.0, 0.0, 0.0, 0.0, 0.043851795141836986, 0.0, 0.0, 0.0, 0.039920980500776096, 0.018152172213026833, 0.017081529245532547, 0.0, 0.06287495958916085, 0.0, 0.047081263276472815, 0.01030151470723858, 0.06346411860129061, 0.01935790759831983, 0.04659415811554101, 0.017725339902886775, 0.016701004187315707, 0.04604767643963241, 0.00021715896864663088, 0.02481212550416536, 0.026794221753412298, 0.0, 0.0, 0.04762214816974487, 0.019301061108231824, 0.022714820111555113, 0.0, 0.04194283912706911, 0.05257611147560276, 0.024516812687600368, 0.014468920333701861, 0.0, 0.04218176243868657, 0.050065398744497794, 0.01676335461745418, 0.047286675399535974, 0.006182421204630331, 0.017313549976171027, 0.019405607657929914, 0.05599826971151545, 0.027397652352126944, 0.039602044995018744, 0.0, 0.0, 0.0, 0.07793104095182646, 0.0772442113025287, 0.04919795067926814, 0.01670548344023351], -0.43405539371269547)
(seed, dimension) = (9, 100)
Away FW: false

Away FW: false

(x, f(x)) = ([0.0, 0.0, 0.0, 0.0, 0.0, 0.0, 0.0, 0.0, 0.0, 0.0, 0.0, 0.0, 0.0, 0.0, 0.0, 0.0, 0.0, 0.0, 0.0, 0.0, 0.0, 0.0, 0.0, 0.0, 0.0, 0.0, 0.0, 0.0, 0.0, 0.0, 0.0, 0.0, 0.0, 0.0, 0.0, 0.0, 0.0, 0.0, 0.0, 0.0, 0.0, 0.0, 0.0, 0.0, 0.0, 0.0, 0.0, 0.0, 0.0, 0.0, 0.04796063053050465, 0.010439933233479566, 0.04315778811320728, 0.0, 0.0, 0.0206678721071268, 0.0, 0.022432183081013073, 0.0, 0.06244627630798024, 0.014313959068617474, 0.035381618194435735, 0.010241245873603701, 0.11330832028767784, 0.0021820741031429256, 0.036945631149086194, 0.0, 0.05290451521451857, 0.08787973573148017, 0.007922532612445868, 0.0, 0.0014237162493286387, 0.014469493557867369, 0.05449252724692013, 0.10172575253542583, 0.15476507130754766, 0.06581527128206838, 0.09516257434415852, 0.018220992523066186, 0.05255741812098455, 0.049154461659558224, 0.039045676747268936, 0.0534779209682687, 0.024604894145104996, 0.04988790211786947, 0.06392027411200803, 0.038492552928677655, 0.0, 0.05710387539100176, 0.025184756473786863, 0.005268202745940988, 0.06495259317863723, 0.08252977704616053, 0.01402524475028683, 0.04675933419475574, 0.009142532170596131, 0.082986744632004, 0.07404808721784512, 0.04582410405721131, 0.004797458183098482], -0.46698447662792786)
(seed, dimension) = (10, 100)
Away FW: false

Away FW: false

(x, f(x)) = ([0.0, 0.0, 0.0, 0.0, 0.0, 0.0, 0.0, 0.0, 0.0, 0.0, 0.0, 0.0, 0.0, 0.0, 0.0, 0.0, 0.0, 0.0, 0.0, 0.0, 0.0, 0.0, 0.0, 0.0, 0.0, 0.0, 0.0, 0.0, 0.0, 0.0, 0.0, 0.0, 0.0, 0.0, 0.0, 0.0, 0.0, 0.0, 0.0, 0.0, 0.0, 0.0, 0.0, 0.0, 0.0, 0.0, 0.0, 0.0, 0.0, 0.0, 0.38619747227700496, 1.3085469454063987, 0.7719821189947499, 0.28390915769670283, 1.043947021895851, 0.0, 0.3249469269587369, 0.9452389479549477, 0.8224130065857702, 1.269169514401683, 0.8737797932256742, 1.0899220320154734, 0.0, 0.4689797288565681, 1.1809905772344587, 0.21339427577374162, 0.9465700018772444, 0.6001580781430005, 0.026906858371911396, 1.1856561061736304, 0.5664956303263674, 1.0247047966927005, 0.14538247102375115, 0.5285579251436049, 0.2931104819192385, 0.8690312784702873, 1.144934380458156, 1.1499781870189056, 0.1182283162886541, 1.243053527184394, 0.12277533115829074, 0.6724970901361975, 0.8386495341551885, 0.7100253514346756, 0.6576898404907858, 0.5404375622933997, 1.3264418497451502, 0.11252762008496732, 0.633947801351211, 1.4580854953824898, 0.0, 0.5528566804634083, 1.6033271710524386, 0.9404887520147931, 1.5988395211104731, 1.6767681305692277, 0.5875603741729073, 0.08972954738878394, 0.2612789017236512, 0.8154422308874425], -9.433091029919714)
(seed, dimension) = (1, 85)
Away FW: false

Away FW: false

(x, f(x)) = ([0.0, 0.0, 0.0, 0.0, 0.0, 0.0, 0.0, 0.0, 0.0, 0.0, 0.0, 0.0, 0.0, 0.0, 0.0, 0.0, 0.0, 0.0, 0.0, 0.0, 0.0, 0.0, 0.0, 0.0, 0.0, 0.0, 0.0, 0.0, 0.0, 0.0, 0.0, 0.0, 0.0, 0.0, 0.0, 0.0, 0.0, 0.0, 0.0, 0.0, 0.0, 0.0, 0.02119643027214747, 0.0, 0.0, 0.05166811763773305, 0.019240614171577748, 0.043967392170747806, 0.016782259624515575, 0.027582418513005778, 0.04852715197940846, 0.020620838217717184, 0.05414604043117746, 0.036059636246091126, 0.0, 0.010721368543473163, 0.015096411896072023, 0.018282075897081192, 0.020608981646443803, 0.04786074392954925, 0.00519950983929121, 0.03215295892073128, 0.028669419350297265, 0.011285155249177782, 0.0, 0.0065600107857358885, 0.0, 0.029597670496213493, 0.03803155755569705, 0.04109387771446924, 0.0, 0.0, 0.019251837974304048, 0.040672105533781026, 0.05474698264475854, 0.03895609683829944, 0.026313319414192283, 0.0, 0.039428085092774234, 0.0011229957779476506, 0.0401944256457884, 0.040702711611779345, 0.0013155972883356604, 0.04837375844897595, 0.003971442640709059], -0.1345922061936357)
(seed, dimension) = (2, 85)
Away FW: false

Away FW: false

(x, f(x)) = ([0.0, 0.0, 0.0, 0.0, 0.0, 0.0, 0.0, 0.0, 0.0, 0.0, 0.0, 0.0, 0.0, 0.0, 0.0, 0.0, 0.0, 0.0, 0.0, 0.0, 0.0, 0.0, 0.0, 0.0, 0.0, 0.0, 0.0, 0.0, 0.0, 0.0, 0.0, 0.0, 0.0, 0.0, 0.0, 0.0, 0.0, 0.0, 0.0, 0.0, 0.0, 0.0, 0.0, 0.0, 0.03665606166126456, 0.022853133071645253, 0.034933417828243656, 0.05696312758901283, 0.020270235267009107, 0.03420241173951806, 0.013985093975654301, 0.0, 0.0, 0.04670249763005426, 0.010640265603467808, 0.10740237893679377, 0.03680193869033579, 0.0061936988471640985, 0.04824824874173868, 0.0, 0.03306696085175562, 0.03994479562841847, 0.0, 0.0, 0.030847963821579977, 0.08932850103444154, 0.0006013659320551212, 0.0, 0.021620909669342676, 0.050226293061024815, 0.0, 0.05347938565413685, 0.0579766810801227, 0.003267093415976839, 0.006454400769178674, 0.0422241023643403, 0.07816840139322603, 0.03130424125438629, 0.03225284891407103, 0.00837642766637687, 0.031601850579903876, 0.006597825207973816, 0.0, 0.05762931878953511, 0.021551725106204737], -0.39055393100463726)
(seed, dimension) = (3, 85)
Away FW: false

Away FW: false

(x, f(x)) = ([0.0, 0.0, 0.0, 0.0, 0.0, 0.0, 0.0, 0.0, 0.0, 0.0, 0.0, 0.0, 0.0, 0.0, 0.0, 0.0, 0.0, 0.0, 0.0, 0.0, 0.0, 0.0, 0.0, 0.0, 0.0, 0.0, 0.0, 0.0, 0.0, 0.0, 0.0, 0.0, 0.0, 0.0, 0.0, 0.0, 0.0, 0.0, 0.0, 0.0, 0.0, 0.0, 0.03189936303413585, 0.05352399116895178, 0.008183302087140493, 0.04402561999678202, 0.025888298369145257, 0.0, 0.018190355370753048, 0.040801116020976115, 0.013744881458192259, 0.010881823364849082, 0.012965668673712637, 0.0, 0.0022142724126476016, 0.0, 0.05561393954700343, 0.020757713672923016, 0.040030878006003454, 0.0, 0.01850783058958589, 0.0, 0.046290722142565376, 0.04098419016651425, 0.053280533779832794, 0.01930634209644705, 0.015601598475392888, 0.039383274383398045, 0.012297890381296892, 0.0, 0.01163427094606605, 0.005941003052576155, 0.04086416603002993, 0.041027807347132746, 0.030829828886304426, 0.04826877331560319, 0.013865424544363587, 0.0411595047266008, 0.014465072013047081, 0.0, 0.05990078927683051, 0.0, 0.0513274067638653, 0.016342347899330967, 0.0], -0.01813430824330453)
(seed, dimension) = (4, 85)
Away FW: false

Away FW: false

(x, f(x)) = ([0.0, 0.0, 0.0, 0.0, 0.0, 0.0, 0.0, 0.0, 0.0, 0.0, 0.0, 0.0, 0.0, 0.0, 0.0, 0.0, 0.0, 0.0, 0.0, 0.0, 0.0, 0.0, 0.0, 0.0, 0.0, 0.0, 0.0, 0.0, 0.0, 0.0, 0.0, 0.0, 0.0, 0.0, 0.0, 0.0, 0.0, 0.0, 0.0, 0.0, 0.0, 0.0, 0.041469425833563715, 0.0, 0.11878422337645264, 0.11992193825550042, 0.04422374673954003, 0.0, 0.11315277794269556, 0.03201280225839207, 0.11558956812416117, 0.04349385205057384, 0.11410797114517128, 0.0570013688894621, 0.02849400477258775, 0.0, 0.04695064367611314, 0.07757838231372419, 0.0, 0.0, 0.0863307786154847, 0.0, 0.10488782356481066, 0.07344388398791096, 0.14904978075987366, 0.04289297853628425, 0.011436015966439289, 0.02945142380223897, 0.09188713794851902, 0.02066376167158861, 0.09678923169798778, 0.0023947309912284984, 0.031992717592498096, 0.046098720697359215, 0.05542589333433435, 0.0, 0.06636259134400688, 0.012777423894689503, 0.06085337625945218, 0.0, 0.03151246802084422, 0.0828767586843664, 0.047388361703546836, 0.0, 0.019329881899119578], -0.7180911005161837)
(seed, dimension) = (5, 85)
Away FW: false

Away FW: false

(x, f(x)) = ([0.0, 0.0, 0.0, 0.0, 0.0, 0.0, 0.0, 0.0, 0.0, 0.0, 0.0, 0.0, 0.0, 0.0, 0.0, 0.0, 0.0, 0.0, 0.0, 0.0, 0.0, 0.0, 0.0, 0.0, 0.0, 0.0, 0.0, 0.0, 0.0, 0.0, 0.0, 0.0, 0.0, 0.0, 0.0, 0.0, 0.0, 0.0, 0.0, 0.0, 0.0, 0.0, 0.03862200289783353, 0.0, 0.0023306347800693106, 0.017352222003089248, 0.0, 0.06469436092604032, 0.0335663066554283, 0.012479256362560922, 0.0, 0.018986888888136304, 0.013822552048401195, 0.0, 0.009346158483207398, 0.0, 0.01663270470353159, 0.03309091650833618, 0.073415139849278, 0.0, 0.05896632641987696, 0.03767591387369329, 0.027300696853116493, 0.032873459318093816, 0.0, 0.004242903627902906, 0.05342566516681629, 0.02358943905319296, 0.02301514321066505, 0.023811994915110813, 0.056330544559671236, 0.04848889865282353, 0.0, 0.013603354818546534, 0.021109200867772838, 0.026885925298705447, 0.023667034742741202, 0.011061963626030598, 0.0, 0.04051212379327671, 0.05920912586094128, 0.018570814289247877, 0.008466160410126345, 0.0, 0.05285416653573561], -0.23528733530343648)
(seed, dimension) = (6, 85)
Away FW: false

Away FW: false

(x, f(x)) = ([0.0, 0.0, 0.0, 0.0, 0.0, 0.0, 0.0, 0.0, 0.0, 0.0, 0.0, 0.0, 0.0, 0.0, 0.0, 1.0, 0.0, 0.0, 0.0, 0.0, 0.0, 0.0, 0.0, 0.0, 0.0, 0.0, 0.0, 0.0, 0.0, 0.0, 0.0, 0.0, 0.0, 0.0, 0.0, 0.0, 0.0, 0.0, 0.0, 0.0, 0.0, 0.0, 0.38990531636281345, 0.26682376813191244, 0.2321104862236819, 0.0, 0.0, 0.0, 0.0, 0.0, 0.25229233705577825, 0.0, 0.0016855327032390202, 0.0, 0.0, 0.0, 0.007380728949743132, 0.041675740166542706, 0.0, 0.0, 0.12516006382982495, 0.17360208424599496, 0.31346342579099024, 0.18655547325499466, 0.10433516421118479, 0.0, 0.0, 0.1266006004170754, 0.3338296390122352, 0.021699759179077353, 0.20199976250784848, 0.0, 0.0, 0.06988575158363569, 0.0, 0.06880387362243845, 0.0, 0.0026301933192249527, 0.0887390785751062, 0.12098634896903925, 0.23528679764993357, 0.02465309408279719, 0.019072313031179945, 0.09782918632598081, 0.0], 5.871368275189618)
(seed, dimension) = (7, 85)
Away FW: false

Away FW: false

(x, f(x)) = ([0.0, 0.0, 0.0, 0.0, 0.0, 0.0, 0.0, 0.0, 0.0, 0.0, 0.0, 0.0, 0.0, 0.0, 0.0, 0.0, 0.0, 0.0, 0.0, 0.0, 0.0, 0.0, 0.0, 0.0, 0.0, 0.0, 0.0, 0.0, 0.0, 0.0, 0.0, 0.0, 0.0, 0.0, 0.0, 0.0, 0.0, 0.0, 0.0, 0.0, 0.0, 0.0, 0.00041750610771195437, 0.04035239621064273, 0.0, 0.03313074570747244, 0.031418323447575676, 0.0, 0.020717588923366923, 0.022404047235114084, 0.06571454138549875, 0.01404418314424139, 0.025509654359418623, 0.02583641469954649, 0.004046340144122127, 0.0, 0.04624174211892598, 0.0, 0.0466547748809816, 0.008192582105361038, 0.01514960006990056, 0.05850894332998327, 0.03172401441172409, 0.031184105186682427, 0.04777466426535147, 0.0008261902552319356, 0.026584252599597163, 0.0261964329803239, 0.0, 0.0, 0.0, 0.011562473774008096, 0.03977390770920692, 0.02136651289791014, 0.009559796837567469, 0.0, 0.0, 0.035000971280339424, 0.035744028713673326, 0.009241431808344266, 0.04820911020094576, 0.030209564097619056, 0.05283379880967951, 0.05380950323692642, 0.030059857065004962], -0.28897015836955464)
(seed, dimension) = (8, 85)
Away FW: false

Away FW: false

(x, f(x)) = ([0.0, 0.0, 0.0, 0.0, 0.0, 0.0, 0.0, 0.0, 0.0, 0.0, 0.0, 0.0, 0.0, 0.0, 0.0, 0.0, 0.0, 0.0, 0.0, 0.0, 0.0, 0.0, 0.0, 0.0, 0.0, 0.0, 0.0, 0.0, 0.0, 0.0, 0.0, 0.0, 0.0, 0.0, 0.0, 0.0, 0.0, 0.0, 0.0, 0.0, 0.0, 0.0, 0.0, 0.052292884554447944, 0.041895220235191065, 0.01917033324617367, 0.04393412837792992, 0.016604068036037006, 0.06546091529568, 0.05208328254404743, 0.056362112042641216, 0.021755762637175206, 0.0157019744321859, 0.030686444890168325, 0.0, 0.00162171013915714, 0.004427268788825278, 0.04470706691773997, 0.0, 0.01197203337441719, 0.0599158678315904, 0.03999467809807955, 0.013998593093828282, 0.02823963728631776, 0.038069805360491135, 0.037874071476321304, 0.005246892963486343, 0.027176557404452795, 0.03832300185228563, 0.0, 0.01869474484364636, 0.005206315092375449, 0.012930435787561931, 0.0, 0.029155303623084404, 0.03584111098315835, 0.05561844058472746, 0.0, 0.0, 0.03403657634353633, 0.0, 0.010262530548318455, 0.0, 0.02844811270665356, 0.002292118608267276], -0.2659398182599717)
(seed, dimension) = (9, 85)
Away FW: false

Away FW: false

(x, f(x)) = ([0.0, 0.0, 0.0, 0.0, 0.0, 0.0, 0.0, 0.0, 0.0, 0.0, 0.0, 0.0, 0.0, 0.0, 0.0, 0.0, 0.0, 0.0, 0.0, 0.0, 0.0, 0.0, 0.0, 0.0, 0.0, 0.0, 0.0, 0.0, 0.0, 0.0, 0.0, 0.0, 0.0, 0.0, 0.0, 0.0, 0.0, 0.0, 0.0, 0.0, 0.0, 0.0, 0.0, 0.0, 0.019834814498455335, 0.047955359427653235, 0.036361776096801066, 0.030687877423315968, 0.015853098579082917, 0.010485739326993582, 0.020594916087516513, 0.04573024086620946, 0.05116557162237795, 0.021240275881121158, 0.0, 0.0, 0.0, 0.03893453108435951, 0.0019033939933139699, 0.01389472224493496, 0.02641400401548522, 0.03123823141140665, 0.029487094859319413, 0.0545517861129632, 0.0, 0.019032586275295586, 0.0, 0.02440488950289563, 0.0392783720917121, 0.041844296061699794, 0.03964083095765812, 0.021353847111871386, 0.013505427926329356, 0.020826749714469885, 0.0454607568535756, 0.021678734832477287, 0.007019836627991237, 0.001566640322904766, 0.0, 0.06938844854664371, 0.031355692529468474, 0.029022498493581343, 0.048439917662069926, 0.0, 0.02984704095804581], 0.08628789251196545)
(seed, dimension) = (10, 85)
Away FW: false

Away FW: false

(x, f(x)) = ([0.0, 0.0, 0.0, 0.0, 0.0, 0.0, 0.0, 0.0, 0.0, 0.0, 0.0, 0.0, 0.0, 0.0, 0.0, 0.0, 0.0, 0.0, 0.0, 0.0, 0.0, 0.0, 0.0, 0.0, 0.0, 0.0, 0.0, 0.0, 0.0, 0.0, 0.0, 0.0, 0.0, 0.0, 0.0, 0.0, 0.0, 0.0, 0.0, 0.0, 0.0, 0.0, 0.024077967061685763, 0.031222866435567192, 0.046985163290225736, 0.0, 0.012349891519235752, 0.0197199264052077, 0.03533377059594352, 0.021989789118544694, 0.005437401140562714, 0.0702383853036781, 0.0, 0.03234890600501973, 0.019452760919154932, 0.011203708142443345, 0.0, 0.045836928641247235, 0.023754213414349436, 0.03313408197001045, 0.011845858877922664, 0.05926813068234216, 0.006297357344388626, 0.010786992388582014, 0.034814369566138474, 0.019467495727178288, 0.03758635902880994, 0.021942906084228987, 0.024356727456104642, 0.0, 0.042532602175855014, 0.041342614191672275, 0.0006055058283958462, 0.01932560197014718, 0.041954434947719284, 0.007990375102692172, 0.0313546430831708, 0.0, 0.0, 0.008513609108148835, 0.0065065044099559535, 0.017596234147637203, 0.05228103101744413, 0.0, 0.07054488689858912], -0.23672481760872682)
(seed, dimension) = (1, 90)
Away FW: false

Away FW: false

(x, f(x)) = ([0.0, 0.0, 0.0, 0.0, 0.0, 0.0, 0.0, 0.0, 0.0, 0.0, 0.0, 0.0, 0.0, 0.0, 0.0, 0.0, 0.0, 0.0, 0.0, 0.0, 0.0, 0.0, 0.0, 0.0, 0.0, 0.0, 0.0, 0.0, 0.0, 0.0, 0.0, 0.0, 0.0, 0.0, 0.0, 0.0, 0.0, 0.0, 0.0, 0.0, 0.0, 0.0, 0.0, 0.0, 0.0, 0.004503946917884267, 0.049939548587814735, 0.054080603097037876, 0.0, 0.0, 0.00030003133457336167, 0.017219341148867737, 0.04339021326692823, 0.004887495376876592, 0.030323095463559165, 0.0, 0.0, 0.0334959796843847, 0.033932162793922575, 0.022522413580104338, 0.03775818513125082, 0.002642264570395062, 0.00110730736823824, 0.0, 0.02286687323667602, 0.0, 0.01961016801755771, 0.03137445811983039, 0.03758955404481619, 0.014893058162376294, 0.043685633177251874, 0.014612686255475325, 0.005857493366960902, 0.056135157604563876, 0.03137984775189685, 0.017851271705328506, 0.019511331580399385, 0.027668382351260772, 0.022175939113658373, 0.0, 0.0009373073999338762, 0.0258172325650673, 0.04562140623792303, 0.01641785084007309, 0.010229021953641745, 0.03851956804197529, 0.02830024393030392, 0.04529734623332165, 0.042743511695955486, 0.04480206829191426], -0.23709614698488385)
(seed, dimension) = (2, 90)
Away FW: false

Away FW: false

(x, f(x)) = ([0.0, 0.0, 0.0, 0.0, 0.0, 0.0, 0.0, 0.0, 0.0, 0.0, 0.0, 0.0, 0.0, 0.0, 0.0, 0.0, 0.0, 0.0, 0.0, 0.0, 0.0, 0.0, 0.0, 0.0, 0.0, 0.0, 0.0, 0.0, 0.0, 0.0, 0.0, 0.0, 0.0, 0.0, 0.0, 0.0, 0.0, 0.0, 0.0, 0.0, 0.0, 0.0, 0.0, 0.0, 0.0, 0.02852851455139162, 0.0, 0.03922078555290498, 0.02157703824066365, 0.0, 0.039696252143929224, 0.01379879938438808, 0.034845746636276764, 0.0, 0.01572831870113188, 0.006573571680923098, 0.0, 0.025045462770685655, 0.026865800904292515, 0.010545310868518638, 0.03827911048168012, 0.0, 0.010984874647253017, 0.016525161715320695, 0.04723791168236214, 0.042395020510845725, 0.039795070360174455, 0.016119684384501117, 0.019771668404660776, 0.04387992684015351, 0.0, 0.056483783506748854, 0.0, 0.0354831875300484, 0.03335771111617905, 0.03594840843279444, 0.020831223351408603, 0.0, 0.0, 0.002827790194359111, 0.017741791997638295, 0.03475393694027319, 0.022816519718899156, 0.023306946878737397, 0.03506335768298853, 0.05471518879589259, 0.031999115273655614, 0.0, 0.008768902545445293, 0.04848810557287369], -0.13515860944691738)
(seed, dimension) = (3, 90)
Away FW: false

Away FW: false

(x, f(x)) = ([0.0, 0.0, 0.0, 0.0, 0.0, 0.0, 0.0, 0.0, 0.0, 0.0, 0.0, 0.0, 0.0, 0.0, 0.0, 0.0, 0.0, 0.0, 0.0, 0.0, 0.0, 0.0, 0.0, 0.0, 0.0, 0.0, 0.0, 0.0, 0.0, 0.0, 0.0, 0.0, 0.0, 0.0, 0.0, 0.0, 0.0, 0.0, 0.0, 0.0, 0.0, 0.0, 0.0, 0.0, 0.0, 0.045271636242863386, 0.0007034067193067202, 0.04986405360509077, 0.018349307169057225, 0.026324720896222554, 0.045333357514902035, 0.03276357891558064, 0.012627621188353463, 0.007287421447302386, 0.04037816760893796, 0.04306396037884325, 0.025872213504090403, 0.02120438692825822, 0.020936750990529523, 0.031205580627447604, 0.03242325772961937, 0.008799448053232427, 0.02229920069700975, 0.03955529976043765, 0.019642699038806943, 0.01694580400220455, 0.013792162257798205, 0.04469567245407272, 0.01848621156173075, 0.0, 0.024506936080047812, 0.033000080553584665, 0.007596237409614841, 0.0, 0.017212336292880392, 0.0003820416407938715, 0.013702548708251952, 0.033489668747036655, 0.021700791132741856, 0.009756454431815617, 0.0, 0.01202277552538057, 0.022205893226018247, 0.022201078758362098, 0.009775804946871561, 0.04521362595601896, 0.013369973981208313, 0.04369320774733929, 0.0, 0.032344625570334934], -0.06277184212296327)
(seed, dimension) = (4, 90)
Away FW: false

Away FW: false

(x, f(x)) = ([0.0, 0.0, 0.0, 0.0, 0.0, 0.0, 0.0, 0.0, 0.0, 0.0, 0.0, 0.0, 0.0, 0.0, 0.0, 0.0, 0.0, 0.0, 0.0, 0.0, 0.0, 0.0, 0.0, 0.0, 0.0, 0.0, 0.0, 0.0, 0.0, 0.0, 0.0, 0.0, 0.0, 0.0, 0.0, 0.0, 0.0, 0.0, 0.0, 0.0, 0.0, 0.0, 0.0, 0.0, 0.0, 0.0, 0.022846934303402015, 0.07598420792803583, 0.08483337273167452, 0.10547932221471894, 0.10312803799026739, 0.0, 0.07963158326060397, 0.056874540316054795, 0.0, 0.06724485087124311, 0.08418343661614629, 0.12045326330142964, 0.0, 0.0989943278550264, 0.030753320625747285, 0.07979033862879588, 0.005182404724794432, 0.07823332619370499, 0.08473787348492773, 0.12080982832461293, 0.11672014616944826, 0.01454489613853047, 0.14582240295211504, 0.13237681166547113, 0.05918465246284532, 0.0891181696602802, 0.0846076610539325, 0.0, 0.08538919241307574, 0.13754674604316072, 0.0, 0.05555851088110074, 0.07913790674406915, 0.0, 0.019475860405036842, 0.039002982177389116, 0.023116275164581587, 0.0, 0.18813481828615713, 0.03611242240930704, 0.014088752282540525, 0.0, 0.01525431403923975, 0.020977135214546437], -0.8986722265255093)
(seed, dimension) = (5, 90)
Away FW: false

Away FW: false

(x, f(x)) = ([0.0, 0.0, 0.0, 0.0, 0.0, 0.0, 0.0, 0.0, 0.0, 0.0, 0.0, 0.0, 0.0, 0.0, 0.0, 0.0, 0.0, 0.0, 0.0, 0.0, 0.0, 0.0, 0.0, 0.0, 0.0, 0.0, 0.0, 0.0, 0.0, 0.0, 0.0, 0.0, 0.0, 0.0, 0.0, 0.0, 0.0, 0.0, 0.0, 0.0, 0.0, 0.0, 0.0, 0.0, 0.0, 0.016161687815767607, 0.00542108472156669, 0.03554478244573659, 0.02324512521313964, 0.01832262890558142, 0.02055680454102189, 0.024600975054380768, 0.050141819938843965, 0.0, 0.031537305868979244, 0.0, 0.029565417534327874, 0.0, 0.06067810489999671, 0.012035056351428496, 0.0, 0.011389751412190029, 0.0020453553070530653, 0.022967277657509985, 0.023138578038140182, 0.03056134904354392, 0.03741898763714099, 0.0738687530187763, 0.0471784489067149, 0.0, 0.033899075608081926, 0.043816204692811125, 0.0, 0.01628909970028851, 0.022240717125942337, 0.0414198358634218, 0.011522182791183094, 0.015149350269104519, 0.01015851479234481, 0.027792063634734205, 0.04102683616543542, 0.0, 0.024263632797225758, 0.010448981862580963, 0.028610549613130476, 0.027034518594175425, 0.01076449709800904, 0.007391198529604789, 0.043754601925963185, 0.008038844624122557], -0.00221239460744882)
(seed, dimension) = (6, 90)
Away FW: false

Away FW: false

(x, f(x)) = ([0.0, 0.0, 0.0, 0.0, 0.0, 0.0, 0.0, 1.0, 0.0, 0.0, 0.0, 0.0, 0.0, 0.0, 0.0, 0.0, 0.0, 0.0, 0.0, 0.0, 0.0, 0.0, 0.0, 0.0, 0.0, 0.0, 0.0, 0.0, 0.0, 0.0, 0.0, 0.0, 0.0, 0.0, 0.0, 0.0, 0.0, 0.0, 0.0, 0.0, 0.0, 0.0, 0.0, 0.0, 0.0, 0.1966624423715196, 0.020387474809692156, 0.0, 0.0, 0.0017795047343312504, 0.0, 0.0, 0.022522107450948778, 0.1159312224800359, 0.0, 0.08116412870083628, 0.0, 0.0, 0.0, 0.0, 0.0, 0.0, 0.0, 0.21636930661556295, 0.0, 0.07887525290502612, 0.08869550300194054, 0.019594597430171393, 0.0370784833419149, 0.0572684651037845, 0.16640243898450258, 0.0483539144703604, 0.01583816969770414, 0.25088144272308066, 0.016832464760317984, 0.0, 0.19925488119047308, 0.06202595869329636, 0.08543889366672881, 0.0, 0.0, 0.0, 0.0, 0.0, 0.0, 0.0, 0.02791676590070151, 0.12834643985947183, 0.0, 0.131384455154256], 14.958893264924859)
(seed, dimension) = (7, 90)
Away FW: false

Away FW: false

(x, f(x)) = ([0.0, 0.0, 0.0, 0.0, 0.0, 0.0, 0.0, 0.0, 0.0, 0.0, 0.0, 0.0, 0.0, 0.0, 0.0, 0.0, 0.0, 0.0, 0.0, 0.0, 0.0, 0.0, 0.0, 0.0, 0.0, 0.0, 0.0, 0.0, 0.0, 0.0, 0.0, 0.0, 0.0, 0.0, 0.0, 0.0, 0.0, 0.0, 0.0, 0.0, 0.0, 0.0, 1.0, 0.0, 0.0, 0.19410791287237705, 0.046657355025660284, 0.012815471966502078, 0.23837483725461464, 0.25356345645188694, 0.0, 0.12010328209842577, 0.1126746370794828, 0.19398297406455173, 0.2289844153829401, 0.2628531769015751, 0.2512960568844499, 0.0, 0.2149345673277923, 0.24544638544541375, 0.0027749633743371503, 0.11491328627555839, 0.28690448088627113, 0.06818606115282093, 0.0622636401032163, 0.25273370480627155, 0.06188522369337049, 0.003801143481291007, 0.1633875831112029, 0.0, 0.10651368658637277, 0.37793248476699215, 0.06184580925000773, 0.04383149502608454, 0.14731423106066174, 0.0, 0.0, 0.0, 0.09142718005130862, 0.05084711796524087, 0.1878607772757572, 0.0, 0.10754233544195467, 0.23181227566909696, 0.09465253913701176, 0.0, 0.0, 0.0, 0.02524951185548265, 0.09786757003071964], 0.2733003510667218)
(seed, dimension) = (8, 90)
Away FW: false

Away FW: false

(x, f(x)) = [ Info: Polish solution
[ Info: Polish solution
[ Info: Polish solution
[ Info: Polish solution
[ Info: Polish solution
[ Info: Polish solution
[ Info: Polish solution
[ Info: Polish solution
[ Info: Polish solution
[ Info: Polish solution
[ Info: Polish solution
[ Info: Polish solution
[ Info: Polish solution
[ Info: Polish solution
[ Info: Polish solution
[ Info: Polish solution
[ Info: Polish solution
[ Info: Polish solution
[ Info: Polish solution
[ Info: Polish solution
[ Info: Polish solution
[ Info: Polish solution
[ Info: Polish solution
[ Info: Polish solution
[ Info: Polish solution
[ Info: Polish solution
[ Info: Polish solution
[ Info: Polish solution
[ Info: Polish solution
[ Info: Polish solution
[ Info: Polish solution
[ Info: Polish solution
[ Info: Polish solution
[ Info: Polish solution
[ Info: Polish solution
[ Info: Polish solution
[ Info: Polish solution
[ Info: Polish solution
([0.0, 0.0, 0.0, 0.0, 0.0, 0.0, 0.0, 0.0, 0.0, 0.0, 0.0, 0.0, 0.0, 0.0, 0.0, 0.0, 0.0, 0.0, 0.0, 0.0, 0.0, 0.0, 0.0, 0.0, 0.0, 0.0, 0.0, 0.0, 0.0, 0.0, 0.0, 0.0, 0.0, 0.0, 0.0, 0.0, 0.0, 0.0, 0.0, 0.0, 0.0, 0.0, 0.0, 0.0, 0.0, 0.05901143347794359, 0.08187405238687574, 0.029840540290159187, 0.04670745602034388, 0.11589868129833608, 0.02357405070432412, 0.04245734325609145, 0.0014377913517894972, 0.1069505765834677, 0.014113387342734582, 0.08519229386457236, 0.0, 0.09033579164963587, 0.0, 0.07299123016143123, 0.10741822777422509, 0.05280031330192995, 0.043059612695910625, 0.061053576155051574, 0.06083982846516492, 0.059455370684312434, 0.03833401947969446, 0.04907340568534532, 0.06264983267046445, 0.035018328273188536, 0.05983025033735693, 0.0, 0.03221483801512961, 0.0, 0.05027393723194333, 0.06858502646600784, 0.003029206219799147, 0.0, 0.130512557943064, 0.09158486116691027, 0.0, 0.047898120852925274, 0.07056295083089169, 0.018165899022834237, 0.008363697428275998, 0.009528122427445149, 0.0, 0.05189128792454785, 0.06719566013276755, 0.02636284651284641], -0.6557645753708167)
(seed, dimension) = (9, 90)
Away FW: false

Away FW: false

(x, f(x)) = ([0.0, 0.0, 0.0, 0.0, 0.0, 0.0, 0.0, 0.0, 0.0, 0.0, 0.0, 0.0, 0.0, 0.0, 0.0, 0.0, 0.0, 0.0, 0.0, 0.0, 0.0, 0.0, 0.0, 0.0, 0.0, 0.0, 0.0, 0.0, 0.0, 0.0, 0.0, 0.0, 0.0, 0.0, 0.0, 0.0, 0.0, 0.0, 0.0, 0.0, 0.0, 0.0, 0.0, 0.0, 0.0, 0.09581028806118266, 0.0416047745382086, 0.19973699902242983, 0.0, 0.01607282678183522, 0.05789644450200851, 0.0, 0.1233188319966847, 0.17823515090099518, 0.04618148268279085, 0.0, 0.09430272028952245, 0.06041560813295127, 0.018990327651662597, 0.1584252747059853, 0.034875712132706765, 0.12088348999913819, 0.0, 0.028054760328944526, 0.06657800523379354, 0.185328191867969, 0.013069333782012216, 0.11278141202138167, 0.0, 0.07126993104675591, 0.0, 0.04250609954102148, 0.005343553519758663, 0.20813922924061898, 0.13242683923382936, 0.0, 0.14215807043799805, 0.10863890392631241, 0.08063976230187389, 0.0, 0.02425879611497215, 0.1079594566777843, 0.19921405996927766, 0.0459729429233516, 0.0245558977374143, 0.1350627657326538, 0.0, 0.09491095221428418, 0.28211228136701233, 0.00821750204760158], -0.9583683447001528)
(seed, dimension) = (10, 90)
Away FW: false

Away FW: false

(x, f(x)) = ([0.0, 0.0, 0.0, 0.0, 0.0, 0.0, 0.0, 0.0, 0.0, 0.0, 0.0, 0.0, 0.0, 0.0, 0.0, 0.0, 0.0, 0.0, 0.0, 0.0, 0.0, 0.0, 0.0, 0.0, 0.0, 0.0, 0.0, 0.0, 0.0, 0.0, 0.0, 0.0, 0.0, 0.0, 0.0, 0.0, 0.0, 0.0, 0.0, 0.0, 0.0, 0.0, 0.0, 0.0, 0.0, 0.024760296198967545, 0.0, 0.06361964403308416, 0.0, 0.004350812481738747, 0.045390811325746926, 0.0033321538911329908, 0.0, 0.028633789324857994, 0.01547224442312317, 0.01642929729307103, 0.03226194420361795, 0.005867803851036372, 0.05398461540567944, 0.0, 0.004727908146270055, 0.025840970837302968, 0.0024757851665286536, 0.0, 0.01318222050163259, 0.029234868722947647, 0.05509860455438401, 0.04776428935096866, 0.020479340981412953, 0.0012236992160536012, 0.0, 0.06706628488655353, 0.03357501374734651, 0.025641443024098556, 0.030998530689460353, 0.0410620142973266, 0.035698365976062685, 0.03758365209858435, 0.0, 0.03793716759980604, 0.0, 0.021910360078933055, 0.0006637050462360177, 0.0, 0.017405687781293273, 0.010333420512372573, 0.03564563982761264, 0.01997580922514994, 0.04704504548132612, 0.04332675981828039], 0.07820106080812206)
(seed, dimension) = (1, 95)
Away FW: false

Away FW: false

(x, f(x)) = ([0.0, 0.0, 0.0, 0.0, 0.0, 0.0, 0.0, 0.0, 0.0, 0.0, 0.0, 0.0, 0.0, 0.0, 0.0, 0.0, 0.0, 0.0, 0.0, 0.0, 0.0, 0.0, 0.0, 0.0, 0.0, 0.0, 0.0, 0.0, 0.0, 0.0, 0.0, 0.0, 0.0, 0.0, 0.0, 0.0, 0.0, 0.0, 0.0, 0.0, 0.0, 0.0, 0.0, 0.0, 0.0, 0.0, 0.0, 0.007421694628451228, 0.0, 0.06429450072487602, 0.0, 0.053600910545888836, 0.0, 0.031541734856318504, 0.0, 0.04469219649620934, 0.017628346437846998, 0.0, 0.020578635891251754, 0.026759900256432236, 0.04164850779504656, 0.054118559668069985, 0.048313898119847896, 0.03694549030980933, 0.06537397067809175, 0.06423032381711022, 0.0021085353018804893, 0.0, 0.07463771773975299, 0.026814002605942598, 0.026051515052609105, 0.0, 0.0, 0.014721441406183302, 0.02794884822217429, 0.0039683533028296155, 0.0, 0.06628249300177065, 0.021654663767205238, 0.02373433237180193, 0.02218017982515543, 0.060360407061625335, 0.020628540793956898, 0.019493908207998574, 0.022205689849664086, 0.0129219904348329, 0.03407567373350257, 0.0734049540133283, 0.014414226172713651, 0.02233078684571238, 0.0, 0.024644414938557225, 0.05834319741993955, 0.03566162243086223, 0.06378596075324716], -0.253893652972652)
(seed, dimension) = (2, 95)
Away FW: false

Away FW: false

(x, f(x)) = ([0.0, 0.0, 0.0, 0.0, 0.0, 0.0, 0.0, 0.0, 0.0, 0.0, 0.0, 0.0, 0.0, 0.0, 0.0, 0.0, 0.0, 0.0, 0.0, 0.0, 0.0, 0.0, 0.0, 0.0, 0.0, 0.0, 0.0, 0.0, 0.0, 0.0, 0.0, 0.0, 0.0, 0.0, 0.0, 0.0, 0.0, 0.0, 0.0, 0.0, 0.0, 0.0, 0.0, 0.0, 0.0, 0.0, 0.0, 0.08222997056081863, 0.06281283650318292, 0.03189080882017841, 0.0032987584758346674, 0.028899967477305687, 0.0, 0.004348449113064963, 0.05923993496450277, 0.07156441956223168, 0.0401817818496736, 0.0, 0.059336354327149204, 0.011123606205696343, 0.028332080057389946, 0.0, 0.0, 0.0, 0.02143709925350517, 0.010606279822678989, 0.0, 0.0, 0.04491213348535273, 0.038646532319589706, 0.0, 0.07488143287105122, 0.0, 0.028273705029552648, 0.042927749725800164, 0.06489134495202445, 0.0, 0.014246027075560762, 0.08648624506898715, 0.018444102859493553, 0.06353345932867153, 0.0125052923046697, 0.026648651791854005, 0.05199727837078168, 0.030450880612715635, 0.08198839314649407, 0.033056763671596136, 0.1012949943370137, 0.027496665213126978, 0.02724928321243575, 0.0, 0.04434771715159053, 0.03265599594439646, 0.029584879697279944, 0.07428683562415733], -0.5017001272506924)
(seed, dimension) = (3, 95)
Away FW: false

Away FW: false

(x, f(x)) = ([0.0, 0.0, 0.0, 0.0, 0.0, 0.0, 0.0, 0.0, 0.0, 0.0, 0.0, 0.0, 0.0, 0.0, 0.0, 0.0, 0.0, 0.0, 0.0, 0.0, 0.0, 0.0, 0.0, 0.0, 0.0, 0.0, 0.0, 0.0, 0.0, 0.0, 0.0, 0.0, 0.0, 0.0, 0.0, 0.0, 0.0, 0.0, 0.0, 0.0, 0.0, 0.0, 0.0, 0.0, 0.0, 0.0, 0.0, 0.031160091751560582, 0.031002920892426625, 0.0, 0.027983018773895914, 0.042701784937724974, 0.013236295641660003, 0.007617216195361656, 0.004436704471193246, 0.0003528197035603593, 0.01789317735768766, 0.02375495188874121, 0.011079107176095015, 0.05905748160895882, 0.00047285978813778486, 0.04201200067118754, 0.043485026582961765, 0.01585854573944728, 0.0, 0.024102526753230345, 0.0, 0.023907796458491268, 0.0156786664383357, 0.021215133164775406, 0.00916923768633578, 0.0, 0.06354682770438705, 0.0, 0.06011813956655834, 0.019856434086290797, 0.041774697127030615, 0.05923881705339692, 0.0, 0.004093939684318536, 0.014002213147426848, 0.009306659500430149, 0.016160082186998385, 0.018907977304772908, 0.0, 0.026928991197488948, 0.03359535766322752, 0.014954166614038677, 0.055827007631408083, 0.0, 0.0, 0.025308290614485, 0.02595316710107795, 0.044249868134894406, 0.0], -0.25951080703318874)
(seed, dimension) = (4, 95)
Away FW: false

Away FW: false

(x, f(x)) = ([0.0, 0.0, 0.0, 0.0, 0.0, 0.0, 0.0, 0.0, 0.0, 0.0, 0.0, 0.0, 0.0, 0.0, 0.0, 0.0, 0.0, 0.0, 0.0, 0.0, 0.0, 0.0, 0.0, 0.0, 0.0, 1.0, 0.0, 0.0, 0.0, 0.0, 0.0, 0.0, 0.0, 0.0, 0.0, 0.0, 0.0, 0.0, 0.0, 0.0, 0.0, 0.0, 0.0, 0.0, 0.0, 0.0, 0.0, 0.06957236594839275, 0.1802837379037854, 0.3182062795532337, 0.1647623375612741, 0.24680851998164985, 0.27122251535274083, 0.14948736977135899, 0.22707328963964435, 0.04695735264608289, 0.09925224609810376, 0.0, 0.08080004852703851, 0.22117258900825695, 0.0653955409315138, 0.014791288453961103, 0.0, 0.019260281870378173, 0.0609088697354973, 0.015959808911022468, 0.0, 0.09596437809487378, 0.0, 0.0, 0.0, 0.2350235762897321, 0.07905753870094877, 0.18139891754574766, 0.0, 0.35371409140316734, 0.28278117446654527, 0.03784800394792378, 0.0, 0.1545573217893892, 0.23055445672821073, 0.12154772366090946, 0.2824817079084577, 0.2842256156458301, 0.0, 0.03910358390800891, 0.17935503238640632, 0.0, 0.0, 0.08372182755742613, 0.34713027714174594, 0.24276901403503914, 0.0, 0.10364094968099664, 0.0], 0.07702997408247647)
(seed, dimension) = (5, 95)
Away FW: false

Away FW: false

(x, f(x)) = ([0.0, 0.0, 0.0, 1.0, 0.0, 0.0, 0.0, 0.0, 0.0, 0.0, 0.0, 0.0, 0.0, 0.0, 0.0, 0.0, 0.0, 0.0, 0.0, 0.0, 0.0, 0.0, 0.0, 0.0, 0.0, 0.0, 0.0, 0.0, 0.0, 0.0, 0.0, 0.0, 0.0, 0.0, 0.0, 0.0, 0.0, 0.0, 0.0, 0.0, 0.0, 0.0, 0.0, 0.0, 0.0, 0.0, 0.0, 0.1626107388397221, 0.2687277207045965, 0.2868560792805568, 0.28568351763689614, 0.0, 0.056979079578695024, 0.0, 0.050448688433149466, 0.0, 0.07383784929998348, 0.0, 0.0, 0.0, 0.12839787635167685, 0.285710123853805, 0.18018133076468187, 0.0, 0.2634133206239121, 0.24951846357536975, 0.4909072356210904, 0.20650856864562006, 0.08548406581225534, 0.06606725515335601, 0.0, 0.07014032756946162, 0.0, 0.18343725821423498, 0.23253825263037867, 0.32423940659616823, 0.2592775607872316, 0.0, 0.2808132015344477, 0.02492533273953164, 0.2897101828511504, 0.1665690041360145, 0.0065509453334162155, 0.1745252500442072, 0.28272961828788734, 0.2025831194922262, 0.0, 0.009667222364079577, 0.24127188880318132, 0.0, 0.031167456139372874, 0.14456241624196892, 0.008023379397359321, 0.49285219183694806, 0.02268961817458883], -1.7483347879600268)
(seed, dimension) = (6, 95)
Away FW: false

Away FW: false

(x, f(x)) = ([0.0, 0.0, 0.0, 0.0, 0.0, 1.0, 0.0, 0.0, 0.0, 0.0, 0.0, 0.0, 0.0, 0.0, 0.0, 0.0, 0.0, 0.0, 0.0, 0.0, 0.0, 0.0, 0.0, 0.0, 0.0, 0.0, 0.0, 0.0, 0.0, 0.0, 0.0, 0.0, 0.0, 0.0, 0.0, 0.0, 0.0, 0.0, 0.0, 0.0, 0.0, 0.0, 0.0, 0.0, 0.0, 0.0, 0.0, 0.0, 0.11293323207675979, 0.0, 0.0, 0.18431217008787576, 0.0, 0.0, 0.0, 0.15483417906733807, 0.16826939353359596, 0.0, 0.035967494731978585, 0.0, 0.1113019659591008, 0.2222218757587416, 0.10604910533538185, 0.0, 0.2090023852540786, 0.10176501838202485, 0.1940031527455624, 0.1205499374473387, 0.049472116009112256, 0.0, 0.0, 0.030671100580424118, 0.1608796735919369, 0.0011344925354443175, 0.058613751994399096, 0.0, 0.2020331974329808, 0.1876658653013941, 0.0, 0.0, 0.0, 0.21656217939427275, 0.20608366130069591, 0.0, 0.0, 0.13860704797010348, 0.0, 0.09371413478552106, 0.0, 0.0, 0.0, 0.018822258831966285, 0.0, 0.14744353981757788, 0.0592037381652466], 7.596779402053268)
(seed, dimension) = (7, 95)
Away FW: false

Away FW: false

(x, f(x)) = ([0.0, 0.0, 0.0, 0.0, 0.0, 0.0, 0.0, 0.0, 0.0, 0.0, 0.0, 0.0, 0.0, 0.0, 0.0, 0.0, 0.0, 0.0, 0.0, 0.0, 0.0, 0.0, 0.0, 0.0, 0.0, 0.0, 0.0, 0.0, 0.0, 0.0, 0.0, 0.0, 0.0, 0.0, 0.0, 0.0, 0.0, 0.0, 0.0, 0.0, 0.0, 0.0, 0.0, 0.0, 0.0, 0.0, 0.0, 0.002993571590819524, 0.034615340277189356, 0.0, 0.010885268828910485, 0.033477206284103035, 0.011861782977071206, 0.026232187337756677, 0.0, 0.037167728878473534, 0.01834602197771555, 0.022058607439558155, 0.024073222608365676, 0.017278175160072278, 0.03735117817620662, 0.0005702505551397243, 0.03255529967822723, 0.04090978449096897, 0.0013040580542251305, 0.011415000275913642, 0.0, 0.034041589406107804, 0.005580521105249635, 0.025561800361594642, 0.0385262716285879, 0.016332024856666693, 0.0, 0.023442149784090188, 0.05083623920799968, 0.005487236773809893, 0.0050872807162568884, 0.0521146756192173, 0.047027289881477495, 0.040014232765575225, 0.0027822220636040517, 0.0313425730436342, 0.03030093242854761, 0.014039939542664545, 0.02155750823461807, 0.015724034924775778, 0.021135820427709277, 0.02394159551912712, 0.0, 0.0012660182475233268, 0.030135611358957235, 0.019138871306923707, 0.04963835776675966, 0.0, 0.03185051843780533], 0.07408483828940504)
(seed, dimension) = (8, 95)
Away FW: false

Away FW: false

(x, f(x)) = ([0.0, 0.0, 0.0, 0.0, 0.0, 0.0, 0.0, 0.0, 0.0, 0.0, 0.0, 0.0, 0.0, 0.0, 0.0, 0.0, 0.0, 0.0, 0.0, 0.0, 0.0, 0.0, 0.0, 0.0, 0.0, 0.0, 0.0, 0.0, 0.0, 0.0, 0.0, 0.0, 0.0, 0.0, 0.0, 0.0, 0.0, 0.0, 0.0, 0.0, 0.0, 0.0, 0.0, 0.0, 0.0, 0.0, 0.0, 0.03593749912006657, 0.16598431526738172, 0.0, 0.19084174050343702, 0.09670769325258052, 0.0, 0.0825860872250528, 0.002988803152693933, 0.20423881810496375, 0.0, 0.1702649789173075, 0.04199149473161494, 0.14431226651796922, 0.09567184120413874, 0.0411222932378707, 0.08395414964739065, 0.05844082840776768, 0.02078157818819214, 0.041413849979557084, 0.10218434219172746, 0.0, 0.08327559486426821, 0.0, 0.0, 0.13373177765905642, 0.0, 0.07816229792170538, 0.2037768079145926, 0.13034922118974007, 0.09484132068558473, 0.08706634842566295, 0.02770757696482845, 0.03785274296704321, 0.04338815887210347, 0.0823101121441406, 0.0, 0.08121238287247136, 0.06750755270132423, 0.0727832006126755, 0.008633666982671878, 0.04661838008761998, 0.0, 0.12037817974002275, 0.01600788897450489, 0.11235913464362504, 0.11211281943808243, 0.02208824784235207, 0.08117702718884887], -1.0585755101987775)
(seed, dimension) = (9, 95)
Away FW: false

Away FW: false

(x, f(x)) = ([0.0, 0.0, 0.0, 0.0, 0.0, 0.0, 0.0, 0.0, 0.0, 0.0, 0.0, 0.0, 0.0, 0.0, 0.0, 0.0, 0.0, 0.0, 0.0, 0.0, 0.0, 0.0, 0.0, 0.0, 0.0, 0.0, 0.0, 0.0, 0.0, 0.0, 0.0, 0.0, 0.0, 0.0, 0.0, 0.0, 0.0, 0.0, 0.0, 0.0, 0.0, 0.0, 0.0, 0.0, 0.0, 0.0, 0.0, 0.0, 0.03892386087625056, 0.011246590824102246, 0.026477858525597957, 0.014728696799075914, 0.0, 0.035130811571787275, 0.0, 0.0, 0.007057027648144482, 0.017115906605037576, 0.02334848686410734, 0.019763222023536708, 0.003584019027426404, 0.0575260266018578, 0.0, 0.00887851914560711, 0.0, 0.03634466567441559, 0.014768443138799863, 0.012622766435228245, 0.026242359273723724, 0.032478091398863936, 0.03434330684862192, 0.04279036443651908, 0.0, 0.008896384915796779, 0.03144041791967378, 0.023940497979613798, 0.029776452448607136, 0.0, 0.004179111472716921, 0.045633699797313396, 0.02858802943689696, 0.041014716172706814, 0.04790258940383281, 0.015179046512357786, 0.029442089206113242, 0.05032433989430616, 0.0013178599796589841, 0.03595568413599939, 0.0657217893847143, 0.0, 0.02035026704724349, 0.026985159130320815, 0.021771524051265378, 0.003750315066520442, 0.00445900232563773], -0.3012823035851618)
(seed, dimension) = (10, 95)
Away FW: false

Away FW: false

(x, f(x)) = ([0.0, 0.0, 0.0, 0.0, 0.0, 0.0, 0.0, 0.0, 0.0, 0.0, 0.0, 0.0, 0.0, 0.0, 0.0, 0.0, 0.0, 0.0, 0.0, 0.0, 0.0, 0.0, 0.0, 0.0, 0.0, 0.0, 0.0, 0.0, 0.0, 0.0, 0.0, 0.0, 0.0, 0.0, 0.0, 0.0, 0.0, 0.0, 0.0, 0.0, 0.0, 0.0, 0.0, 0.0, 0.0, 0.0, 0.0, 0.050448148607263876, 0.0020658839549824127, 0.01986852183602877, 0.0, 0.04462277369454898, 0.0, 0.006498207480384973, 0.0036813351311083603, 0.020750494665862672, 0.010793421506024935, 0.025399110621400003, 0.00887024488458437, 0.0, 0.0, 0.0, 0.0, 0.011510539065654066, 0.02585051979182867, 0.029784367826219467, 0.04092518372159836, 0.002123543516080571, 0.039996474083435006, 0.00835613413188992, 0.058329891993211765, 0.008922664119754198, 0.025424376014069792, 0.06355314611462838, 0.044114864729975646, 0.0, 0.05799519856042061, 0.04726186626480346, 0.0, 0.022648738255603183, 0.002624533023201224, 0.0, 0.019963603367740345, 0.0, 0.014141528576527364, 0.02792842408436834, 0.039969652107313326, 0.012574528518924022, 0.03649877174199934, 0.036620515547470506, 0.07578653338642843, 0.010199381443220495, 0.04389687763144424, 0.0, 0.0], -0.3063933556779152)
(seed, dimension) = (1, 100)
Away FW: false

Away FW: false

(x, f(x)) = ([0.0, 0.0, 0.0, 0.0, 0.0, 0.0, 0.0, 0.0, 0.0, 0.0, 0.0, 0.0, 0.0, 0.0, 0.0, 0.0, 0.0, 0.0, 0.0, 0.0, 0.0, 0.0, 0.0, 0.0, 0.0, 0.0, 0.0, 0.0, 0.0, 0.0, 0.0, 0.0, 0.0, 0.0, 0.0, 0.0, 0.0, 0.0, 0.0, 0.0, 0.0, 0.0, 0.0, 0.0, 0.0, 0.0, 0.0, 0.0, 0.0, 0.0, 0.022565166038139732, 0.006898648970074524, 0.0, 0.03933103731484816, 0.015527626198506887, 0.008519679158210681, 0.0, 0.006537618362009086, 0.03445794781956531, 0.0, 0.010659414083223878, 0.06151214867061832, 0.02286436764189314, 0.006258968660900358, 0.023466017805580656, 0.0, 0.0, 0.0, 0.0274262971483538, 0.0065186399438892095, 0.014817006952567711, 0.009278241332629274, 0.013178433098830768, 0.019064752207093718, 0.04525159938734303, 0.021529822475388236, 0.016533203862473162, 0.030992933859945948, 0.019169373416607353, 0.017181092127403354, 0.012439823287378969, 0.06244182190870696, 0.06801400419942406, 0.027183176193331635, 0.026561366696315872, 0.0501176506731473, 0.013774743038612978, 0.030828109949389806, 0.025685132091234204, 0.026037682643963233, 0.025712299376262193, 0.0, 0.00036862752572362116, 0.009475288346324504, 0.018564682752340942, 0.02406324498969009, 0.01131208939601337, 0.019654112355948477, 0.036201818761083235, 0.01202428927901225], -0.23753205523539422)
(seed, dimension) = (2, 100)
Away FW: false

Away FW: false

(x, f(x)) = ([0.0, 0.0, 0.0, 0.0, 0.0, 0.0, 0.0, 0.0, 0.0, 0.0, 0.0, 0.0, 0.0, 0.0, 0.0, 0.0, 0.0, 0.0, 0.0, 0.0, 0.0, 0.0, 0.0, 0.0, 1.0, 0.0, 0.0, 0.0, 0.0, 0.0, 0.0, 0.0, 0.0, 0.0, 0.0, 0.0, 0.0, 0.0, 0.0, 0.0, 0.0, 0.0, 0.0, 0.0, 0.0, 0.0, 0.0, 0.0, 0.0, 0.0, 0.14241303869558963, 0.04325673860104881, 0.0, 0.0, 0.0, 0.21098608536248417, 0.0, 0.0, 0.18959621646612398, 0.03547695089633966, 0.04502798717308065, 0.0, 0.011201915234812818, 0.0782412070470567, 0.2009543690488532, 0.0, 0.0, 0.0, 0.14637319370195231, 0.0, 0.13303568200078364, 0.004559213488901273, 0.0, 0.00977503086205241, 0.10804648254310906, 0.06161965151009048, 0.10324177524161893, 0.0, 0.0, 0.0, 0.2050626495236177, 0.0, 0.12809194495981477, 0.10080640974988979, 0.003102416348164604, 0.003154701384713453, 0.0, 0.018824814663309625, 0.10288031101292362, 0.0, 0.13474665517236256, 0.0652712982052039, 0.0, 0.22218483854175886, 0.20541144361756286, 0.08704730456209649, 0.20447279252120237, 0.005918509910964325, 0.0, 0.019536398583765394], 5.841857848036745)
(seed, dimension) = (3, 100)
Away FW: false

Away FW: false

(x, f(x)) = ([0.0, 0.0, 0.0, 0.0, 0.0, 0.0, 0.0, 0.0, 0.0, 0.0, 0.0, 0.0, 0.0, 0.0, 0.0, 0.0, 0.0, 0.0, 0.0, 0.0, 0.0, 0.0, 0.0, 0.0, 0.0, 0.0, 0.0, 0.0, 0.0, 0.0, 0.0, 0.0, 0.0, 0.0, 0.0, 0.0, 0.0, 0.0, 0.0, 1.0, 0.0, 0.0, 0.0, 0.0, 0.0, 0.0, 0.0, 0.0, 0.0, 0.0, 0.13116696406660552, 0.0, 0.023671110503383587, 0.0, 0.05988268658947035, 0.0, 0.0, 0.0, 0.0, 0.1489418799362561, 0.0, 0.06236203116522544, 0.05425791255869983, 0.0, 0.1580012512994638, 0.10301063487139893, 0.0, 0.02666812017403186, 0.0, 0.07115796174068117, 0.0446491423386689, 0.25596753058379035, 0.15008868722953425, 0.1918873415491719, 0.008123032649710857, 0.011440161332468396, 0.0912349255280345, 0.03816642894379494, 0.22236800499179116, 0.16936175083030344, 0.0, 0.0180634907961298, 0.0, 0.0, 0.11614361217977297, 0.0, 0.0, 0.07388508967580243, 0.0, 0.0, 0.06904859913646001, 0.0, 0.0, 0.13600182056365737, 0.0, 0.0, 0.0, 0.12991295465382066, 0.0, 0.0], 21.168250727263473)
(seed, dimension) = (4, 100)
Away FW: false

Away FW: false

(x, f(x)) = ([0.0, 0.0, 0.0, 0.0, 0.0, 0.0, 0.0, 0.0, 0.0, 0.0, 0.0, 0.0, 0.0, 0.0, 0.0, 0.0, 0.0, 0.0, 0.0, 0.0, 0.0, 0.0, 0.0, 0.0, 0.0, 0.0, 0.0, 0.0, 0.0, 0.0, 0.0, 0.0, 0.0, 0.0, 0.0, 0.0, 0.0, 0.0, 0.0, 0.0, 1.0, 0.0, 0.0, 0.0, 0.0, 0.0, 0.0, 0.0, 0.0, 0.0, 0.22738948243400461, 0.3037243704147491, 0.6833804196476987, 0.7664626390611201, 0.7618992747500766, 0.4779179999509027, 0.7085252584972401, 0.04530495975960657, 0.0, 0.04255488090072655, 0.5994309124257688, 0.21560910241727343, 0.24777683446330823, 0.6532445277755742, 0.8015365167499523, 0.0, 0.07445659237849969, 0.0, 0.26843604787518666, 0.30324298425984686, 0.0, 0.4844121194945332, 0.02257516556539979, 0.26172341633833407, 0.9029722710142293, 0.6688455917746962, 0.0, 0.0, 0.4717734349644122, 0.0, 0.3303813374155442, 0.43181793697003423, 0.31893967318925653, 0.12689837712810653, 0.0, 0.0, 0.09407831352545244, 0.2845927585527342, 0.0, 0.344171977034388, 1.0858267061634264, 0.19550680755818595, 0.7454925928237408, 0.2356943603827113, 0.0785131077153129, 0.3920181998799843, 0.061287161098471994, 0.0, 0.0, 0.40341319105318796], -4.838420568445942)
(seed, dimension) = (5, 100)
Away FW: false

Away FW: false

(x, f(x)) = ([0.0, 0.0, 0.0, 0.0, 0.0, 0.0, 0.0, 0.0, 0.0, 0.0, 0.0, 0.0, 0.0, 0.0, 0.0, 0.0, 0.0, 0.0, 0.0, 0.0, 0.0, 0.0, 0.0, 0.0, 0.0, 0.0, 0.0, 0.0, 0.0, 0.0, 0.0, 0.0, 0.0, 0.0, 0.0, 0.0, 0.0, 0.0, 0.0, 0.0, 0.0, 0.0, 0.0, 0.0, 0.0, 0.0, 0.0, 0.0, 0.0, 0.0, 0.0, 0.0, 0.06157944967666209, 0.0, 0.020804859986217963, 0.0, 0.024258247887254974, 0.021702585561677527, 0.0, 0.0, 0.02664371897595193, 0.04091953967186302, 0.03371440004880383, 0.005361886941465687, 0.04411586800794952, 0.010444632868779863, 0.0, 0.05568217966024867, 0.02222552007884133, 0.010416473175640283, 0.05285838542245606, 0.04898652696023728, 0.05197988442268204, 0.0, 0.0, 0.0, 0.030033993583079257, 0.04918386097480203, 0.035688742368754627, 0.031434384299926524, 0.04709766629601007, 0.028291665256565394, 0.016760202382945934, 0.046163257870080875, 0.03001580518225819, 0.019803550764704542, 0.02358091987599906, 0.010419082129309505, 0.026079754768698303, 0.017544957743546395, 0.0, 0.061742729317953764, 0.0, 0.03756328755870362, 0.00962636180692555, 0.02306796613992492, 0.02225196305399514, 0.04939316642619218, 0.013509780368417875, 0.04273053980807378], -0.21447677644458663)
(seed, dimension) = (6, 100)
Away FW: false

Away FW: false

(x, f(x)) = ([0.0, 0.0, 0.0, 0.0, 0.0, 0.0, 0.0, 0.0, 0.0, 0.0, 0.0, 0.0, 0.0, 0.0, 0.0, 0.0, 0.0, 0.0, 0.0, 0.0, 0.0, 0.0, 0.0, 0.0, 0.0, 1.0, 0.0, 0.0, 0.0, 0.0, 0.0, 0.0, 0.0, 0.0, 0.0, 0.0, 0.0, 0.0, 0.0, 0.0, 0.0, 0.0, 0.0, 0.0, 0.0, 0.0, 0.0, 0.0, 0.0, 0.0, 0.004598311787826045, 0.06715655305111269, 0.0, 0.0, 0.05371184464439193, 0.0, 0.05194400655981666, 0.0, 0.0, 0.03189902828840104, 0.09410646855509325, 0.0, 0.17373617116077722, 0.0, 0.0, 0.10401254639215514, 0.12824295628788554, 0.0, 0.0, 0.0, 0.07159315244067067, 0.0, 0.0, 0.1294796019325083, 0.0, 0.0, 0.0, 0.0, 0.006395820256979807, 0.0, 0.0, 0.040566975780278965, 0.08737285118469493, 0.0, 0.0, 0.0, 0.05411430085852067, 0.14556911994257712, 0.0, 0.0, 0.0, 0.0, 0.14497929792702002, 0.13136191180782683, 0.025542924697499976, 0.0807834509955813, 0.0, 0.1434731183089936, 0.0, 0.0], 26.965228560850235)
(seed, dimension) = (7, 100)
Away FW: false

Away FW: false

(x, f(x)) = ([0.0, 0.0, 0.0, 0.0, 0.0, 0.0, 0.0, 0.0, 0.0, 0.0, 0.0, 0.0, 0.0, 0.0, 0.0, 0.0, 0.0, 0.0, 0.0, 0.0, 0.0, 0.0, 1.0, 0.0, 0.0, 0.0, 0.0, 0.0, 0.0, 0.0, 0.0, 0.0, 0.0, 0.0, 0.0, 0.0, 0.0, 0.0, 0.0, 0.0, 0.0, 0.0, 0.0, 0.0, 0.0, 0.0, 0.0, 0.0, 0.0, 0.0, 0.01842705883447589, 0.0, 0.0, 0.0, 0.0, 0.15218236003170363, 0.07610253980706326, 0.10925244625705341, 0.0, 0.12879345604679526, 0.011627873405066083, 0.16527902252170942, 0.0, 0.038227652943391977, 0.07156498866608582, 0.0, 0.0, 0.0, 0.05105602132267735, 0.15200148327638474, 0.08422647927039256, 0.0, 0.0, 0.0, 0.09372978214200345, 0.09235807213523851, 0.0, 0.09243394299521313, 0.030072717939909406, 0.07526492394853015, 0.1036180062208407, 0.05277047876131664, 0.0, 0.010483187316653096, 0.06850583099579341, 0.0, 0.0, 0.042012735508653955, 0.14418483920686068, 0.09632642938379331, 0.2349651533077458, 0.0, 0.15684525370473, 0.2970432239734546, 0.01999755046889042, 0.1525916528617756, 0.11089350712360638, 0.034956622702866806, 0.0, 0.00031636572373224805], 18.65084528824409)
(seed, dimension) = (8, 100)
Away FW: false

Away FW: false

(x, f(x)) = ([0.0, 0.0, 0.0, 0.0, 0.0, 0.0, 0.0, 0.0, 0.0, 0.0, 0.0, 0.0, 0.0, 0.0, 0.0, 0.0, 0.0, 0.0, 0.0, 0.0, 0.0, 0.0, 0.0, 0.0, 0.0, 0.0, 0.0, 0.0, 0.0, 0.0, 0.0, 0.0, 0.0, 0.0, 0.0, 0.0, 0.0, 0.0, 0.0, 0.0, 0.0, 0.0, 0.0, 0.0, 0.0, 0.0, 0.0, 0.0, 0.0, 0.0, 0.0, 0.043851795141836986, 0.0, 0.0, 0.0, 0.039920980500776096, 0.018152172213026833, 0.017081529245532547, 0.0, 0.06287495958916085, 0.0, 0.047081263276472815, 0.01030151470723858, 0.06346411860129061, 0.01935790759831983, 0.04659415811554101, 0.017725339902886775, 0.016701004187315707, 0.04604767643963241, 0.00021715896864663088, 0.02481212550416536, 0.026794221753412298, 0.0, 0.0, 0.04762214816974487, 0.019301061108231824, 0.022714820111555113, 0.0, 0.04194283912706911, 0.05257611147560276, 0.024516812687600368, 0.014468920333701861, 0.0, 0.04218176243868657, 0.050065398744497794, 0.01676335461745418, 0.047286675399535974, 0.006182421204630331, 0.017313549976171027, 0.019405607657929914, 0.05599826971151545, 0.027397652352126944, 0.039602044995018744, 0.0, 0.0, 0.0, 0.07793104095182646, 0.0772442113025287, 0.04919795067926814, 0.01670548344023351], -0.43405539371269547)
(seed, dimension) = (9, 100)
Away FW: false

Away FW: false

(x, f(x)) = ([0.0, 0.0, 0.0, 0.0, 0.0, 0.0, 0.0, 0.0, 0.0, 0.0, 0.0, 0.0, 0.0, 0.0, 0.0, 0.0, 0.0, 0.0, 0.0, 0.0, 0.0, 0.0, 0.0, 0.0, 0.0, 0.0, 0.0, 0.0, 0.0, 0.0, 0.0, 0.0, 0.0, 0.0, 0.0, 0.0, 0.0, 0.0, 0.0, 0.0, 0.0, 0.0, 0.0, 0.0, 0.0, 0.0, 0.0, 0.0, 0.0, 0.0, 0.04796063053050465, 0.010439933233479566, 0.04315778811320728, 0.0, 0.0, 0.0206678721071268, 0.0, 0.022432183081013073, 0.0, 0.06244627630798024, 0.014313959068617474, 0.035381618194435735, 0.010241245873603701, 0.11330832028767784, 0.0021820741031429256, 0.036945631149086194, 0.0, 0.05290451521451857, 0.08787973573148017, 0.007922532612445868, 0.0, 0.0014237162493286387, 0.014469493557867369, 0.05449252724692013, 0.10172575253542583, 0.15476507130754766, 0.06581527128206838, 0.09516257434415852, 0.018220992523066186, 0.05255741812098455, 0.049154461659558224, 0.039045676747268936, 0.0534779209682687, 0.024604894145104996, 0.04988790211786947, 0.06392027411200803, 0.038492552928677655, 0.0, 0.05710387539100176, 0.025184756473786863, 0.005268202745940988, 0.06495259317863723, 0.08252977704616053, 0.01402524475028683, 0.04675933419475574, 0.009142532170596131, 0.082986744632004, 0.07404808721784512, 0.04582410405721131, 0.004797458183098482], -0.46698447662792786)
(seed, dimension) = (10, 100)
Away FW: false

Away FW: false

(x, f(x)) = ([0.0, 0.0, 0.0, 0.0, 0.0, 0.0, 0.0, 0.0, 0.0, 0.0, 0.0, 0.0, 0.0, 0.0, 0.0, 0.0, 0.0, 0.0, 0.0, 0.0, 0.0, 0.0, 0.0, 0.0, 0.0, 0.0, 0.0, 0.0, 0.0, 0.0, 0.0, 0.0, 0.0, 0.0, 0.0, 0.0, 0.0, 0.0, 0.0, 0.0, 0.0, 0.0, 0.0, 0.0, 0.0, 0.0, 0.0, 0.0, 0.0, 0.0, 0.38619747227700496, 1.3085469454063987, 0.7719821189947499, 0.28390915769670283, 1.043947021895851, 0.0, 0.3249469269587369, 0.9452389479549477, 0.8224130065857702, 1.269169514401683, 0.8737797932256742, 1.0899220320154734, 0.0, 0.4689797288565681, 1.1809905772344587, 0.21339427577374162, 0.9465700018772444, 0.6001580781430005, 0.026906858371911396, 1.1856561061736304, 0.5664956303263674, 1.0247047966927005, 0.14538247102375115, 0.5285579251436049, 0.2931104819192385, 0.8690312784702873, 1.144934380458156, 1.1499781870189056, 0.1182283162886541, 1.243053527184394, 0.12277533115829074, 0.6724970901361975, 0.8386495341551885, 0.7100253514346756, 0.6576898404907858, 0.5404375622933997, 1.3264418497451502, 0.11252762008496732, 0.633947801351211, 1.4580854953824898, 0.0, 0.5528566804634083, 1.6033271710524386, 0.9404887520147931, 1.5988395211104731, 1.6767681305692277, 0.5875603741729073, 0.08972954738878394, 0.2612789017236512, 0.8154422308874425], -9.433091029919714)
